::1 - - [27/May/2020:10:10:41 +0000] "GET / HTTP/1.1" 404 139 "-" "Mozilla/5.0 (X11; Ubuntu; Linux x86_64; rv:76.0) Gecko/20100101 Firefox/76.0"
::1 - - [27/May/2020:10:10:50 +0000] "GET /api/participants HTTP/1.1" 200 - "-" "Mozilla/5.0 (X11; Ubuntu; Linux x86_64; rv:76.0) Gecko/20100101 Firefox/76.0"
::1 - - [27/May/2020:10:10:50 +0000] "GET /favicon.ico HTTP/1.1" 404 150 "-" "Mozilla/5.0 (X11; Ubuntu; Linux x86_64; rv:76.0) Gecko/20100101 Firefox/76.0"
::1 - - [27/May/2020:10:11:14 +0000] "GET / HTTP/1.1" 404 139 "-" "Mozilla/5.0 (X11; Ubuntu; Linux x86_64; rv:76.0) Gecko/20100101 Firefox/76.0"
::1 - - [27/May/2020:10:11:26 +0000] "GET /api/participants HTTP/1.1" 200 - "-" "Mozilla/5.0 (X11; Ubuntu; Linux x86_64; rv:76.0) Gecko/20100101 Firefox/76.0"
::1 - - [27/May/2020:10:12:52 +0000] "GET /api/participants HTTP/1.1" 200 - "-" "Mozilla/5.0 (X11; Ubuntu; Linux x86_64; rv:76.0) Gecko/20100101 Firefox/76.0"
::1 - - [27/May/2020:10:14:13 +0000] "GET / HTTP/1.1" 404 139 "-" "Mozilla/5.0 (X11; Ubuntu; Linux x86_64; rv:76.0) Gecko/20100101 Firefox/76.0"
::1 - - [27/May/2020:10:14:19 +0000] "GET /api/participants HTTP/1.1" 200 514 "-" "Mozilla/5.0 (X11; Ubuntu; Linux x86_64; rv:76.0) Gecko/20100101 Firefox/76.0"
::1 - - [27/May/2020:10:18:40 +0000] "GET /api/participants HTTP/1.1" 200 514 "-" "PostmanRuntime/7.24.1"
::1 - - [27/May/2020:10:19:14 +0000] "GET /api/participants/31 HTTP/1.1" 404 158 "-" "PostmanRuntime/7.24.1"
::1 - - [27/May/2020:10:20:09 +0000] "GET /api/participants/31 HTTP/1.1" 200 50 "-" "PostmanRuntime/7.24.1"
::1 - - [27/May/2020:10:20:17 +0000] "DELETE /api/participants/31 HTTP/1.1" 200 50 "-" "PostmanRuntime/7.24.1"
::1 - - [27/May/2020:10:20:27 +0000] "GET /api/participants HTTP/1.1" 200 463 "-" "PostmanRuntime/7.24.1"
::1 - - [27/May/2020:10:21:01 +0000] "POST /api/participants HTTP/1.1" 404 156 "-" "PostmanRuntime/7.24.1"
::1 - - [27/May/2020:10:22:00 +0000] "POST /api/participants HTTP/1.1" 404 156 "-" "PostmanRuntime/7.24.1"
::1 - - [27/May/2020:10:22:38 +0000] "POST /api/participants HTTP/1.1" 404 156 "-" "PostmanRuntime/7.24.1"
::1 - - [27/May/2020:10:22:46 +0000] "GET /api/participants HTTP/1.1" 200 463 "-" "PostmanRuntime/7.24.1"
::1 - - [27/May/2020:10:24:28 +0000] "POST /api/participants HTTP/1.1" 404 156 "-" "PostmanRuntime/7.24.1"
::1 - - [27/May/2020:10:25:09 +0000] "GET /api/participants/8 HTTP/1.1" 200 94 "-" "PostmanRuntime/7.24.1"
::1 - - [27/May/2020:10:25:51 +0000] "PUT /api/participants/8 HTTP/1.1" 200 52 "-" "PostmanRuntime/7.24.1"
::1 - - [27/May/2020:10:26:05 +0000] "GET /api/participants/ HTTP/1.1" 200 421 "-" "PostmanRuntime/7.24.1"
::1 - - [27/May/2020:10:26:33 +0000] "PUT /api/participants/8 HTTP/1.1" 200 52 "-" "PostmanRuntime/7.24.1"
::1 - - [27/May/2020:10:26:41 +0000] "PUT /api/participants/8 HTTP/1.1" 200 94 "-" "PostmanRuntime/7.24.1"
::1 - - [27/May/2020:10:27:01 +0000] "POST /api/participants/ HTTP/1.1" 404 157 "-" "PostmanRuntime/7.24.1"
::1 - - [27/May/2020:10:27:40 +0000] "POST /api/participants/ HTTP/1.1" 200 95 "-" "PostmanRuntime/7.24.1"
::1 - - [27/May/2020:10:28:24 +0000] "POST /api/participants/ HTTP/1.1" 200 94 "-" "PostmanRuntime/7.24.1"
::1 - - [27/May/2020:10:29:05 +0000] "POST /api/participants/ HTTP/1.1" 200 115 "-" "PostmanRuntime/7.24.1"
::1 - - [27/May/2020:10:29:20 +0000] "POST /api/participants/ HTTP/1.1" 200 112 "-" "PostmanRuntime/7.24.1"
::1 - - [27/May/2020:10:29:45 +0000] "POST /api/participants/ HTTP/1.1" 400 88 "-" "PostmanRuntime/7.24.1"
::1 - - [27/May/2020:10:33:52 +0000] "POST /api/participants/ HTTP/1.1" 200 111 "-" "PostmanRuntime/7.24.1"
::1 - - [27/May/2020:10:34:03 +0000] "POST /api/participants/ HTTP/1.1" 400 74 "-" "PostmanRuntime/7.24.1"
::1 - - [27/May/2020:10:35:45 +0000] "POST /api/participants/ HTTP/1.1" 200 111 "-" "PostmanRuntime/7.24.1"
::1 - - [27/May/2020:12:05:16 +0000] "POST /api/participants/ HTTP/1.1" 200 111 "-" "PostmanRuntime/7.24.1"
::1 - - [27/May/2020:12:05:26 +0000] "POST /api/participants/ HTTP/1.1" 200 102 "-" "PostmanRuntime/7.24.1"
::1 - - [27/May/2020:12:05:33 +0000] "POST /api/participants/ HTTP/1.1" 400 88 "-" "PostmanRuntime/7.24.1"
::1 - - [27/May/2020:12:06:41 +0000] "POST /api/participants/ HTTP/1.1" 200 104 "-" "PostmanRuntime/7.24.1"
::1 - - [27/May/2020:12:06:50 +0000] "DELETE /api/participants/40 HTTP/1.1" 200 104 "-" "PostmanRuntime/7.24.1"
::1 - - [27/May/2020:12:06:55 +0000] "DELETE /api/participants/39 HTTP/1.1" 200 102 "-" "PostmanRuntime/7.24.1"
::1 - - [27/May/2020:12:07:00 +0000] "DELETE /api/participants/38 HTTP/1.1" 200 111 "-" "PostmanRuntime/7.24.1"
::1 - - [27/May/2020:12:07:07 +0000] "DELETE /api/participants/37 HTTP/1.1" 200 111 "-" "PostmanRuntime/7.24.1"
::1 - - [27/May/2020:12:07:14 +0000] "GET /api/participants/ HTTP/1.1" 200 995 "-" "PostmanRuntime/7.24.1"
::1 - - [27/May/2020:12:07:45 +0000] "DELETE /api/participants/34 HTTP/1.1" 200 115 "-" "PostmanRuntime/7.24.1"
::1 - - [27/May/2020:12:07:49 +0000] "DELETE /api/participants/35 HTTP/1.1" 200 112 "-" "PostmanRuntime/7.24.1"
::1 - - [27/May/2020:12:07:53 +0000] "DELETE /api/participants/36 HTTP/1.1" 200 111 "-" "PostmanRuntime/7.24.1"
::1 - - [27/May/2020:12:50:32 +0000] "GET / HTTP/1.1" 404 139 "-" "Mozilla/5.0 (X11; Ubuntu; Linux x86_64; rv:76.0) Gecko/20100101 Firefox/76.0"
::1 - - [27/May/2020:12:50:43 +0000] "GET /api/participants HTTP/1.1" 200 654 "-" "Mozilla/5.0 (X11; Ubuntu; Linux x86_64; rv:76.0) Gecko/20100101 Firefox/76.0"
::1 - - [29/May/2020:10:49:20 +0000] "GET / HTTP/1.1" 404 139 "-" "Mozilla/5.0 (X11; Ubuntu; Linux x86_64; rv:76.0) Gecko/20100101 Firefox/76.0"
::1 - - [29/May/2020:10:49:33 +0000] "GET /api/participants HTTP/1.1" 200 654 "-" "Mozilla/5.0 (X11; Ubuntu; Linux x86_64; rv:76.0) Gecko/20100101 Firefox/76.0"
::1 - - [29/May/2020:10:50:23 +0000] "GET / HTTP/1.1" 200 4073 "-" "Mozilla/5.0 (X11; Ubuntu; Linux x86_64; rv:76.0) Gecko/20100101 Firefox/76.0"
::1 - - [29/May/2020:10:50:23 +0000] "GET /style.css HTTP/1.1" 200 116 "http://localhost:8080/" "Mozilla/5.0 (X11; Ubuntu; Linux x86_64; rv:76.0) Gecko/20100101 Firefox/76.0"
::1 - - [29/May/2020:10:50:24 +0000] "GET /app/init.js HTTP/1.1" 200 983 "http://localhost:8080/" "Mozilla/5.0 (X11; Ubuntu; Linux x86_64; rv:76.0) Gecko/20100101 Firefox/76.0"
::1 - - [29/May/2020:10:50:24 +0000] "GET /api/participants HTTP/1.1" 200 654 "http://localhost:8080/" "Mozilla/5.0 (X11; Ubuntu; Linux x86_64; rv:76.0) Gecko/20100101 Firefox/76.0"
::1 - - [29/May/2020:10:50:24 +0000] "GET /favicon.ico HTTP/1.1" 404 150 "-" "Mozilla/5.0 (X11; Ubuntu; Linux x86_64; rv:76.0) Gecko/20100101 Firefox/76.0"
::1 - - [29/May/2020:10:50:47 +0000] "POST /api/participants HTTP/1.1" 400 75 "http://localhost:8080/" "Mozilla/5.0 (X11; Ubuntu; Linux x86_64; rv:76.0) Gecko/20100101 Firefox/76.0"
::1 - - [29/May/2020:11:46:15 +0000] "POST /api/participants HTTP/1.1" 400 75 "http://localhost:8080/" "Mozilla/5.0 (X11; Ubuntu; Linux x86_64; rv:76.0) Gecko/20100101 Firefox/76.0"
::1 - - [29/May/2020:11:54:35 +0000] "GET / HTTP/1.1" 200 4081 "-" "Mozilla/5.0 (X11; Ubuntu; Linux x86_64; rv:76.0) Gecko/20100101 Firefox/76.0"
::1 - - [29/May/2020:11:54:35 +0000] "GET /style.css HTTP/1.1" 304 - "http://localhost:8080/" "Mozilla/5.0 (X11; Ubuntu; Linux x86_64; rv:76.0) Gecko/20100101 Firefox/76.0"
::1 - - [29/May/2020:11:54:35 +0000] "GET /app/init.js HTTP/1.1" 200 988 "http://localhost:8080/" "Mozilla/5.0 (X11; Ubuntu; Linux x86_64; rv:76.0) Gecko/20100101 Firefox/76.0"
::1 - - [29/May/2020:11:54:35 +0000] "GET /api/participants HTTP/1.1" 200 654 "http://localhost:8080/" "Mozilla/5.0 (X11; Ubuntu; Linux x86_64; rv:76.0) Gecko/20100101 Firefox/76.0"
::1 - - [29/May/2020:11:54:46 +0000] "POST /api/participants HTTP/1.1" 400 75 "http://localhost:8080/" "Mozilla/5.0 (X11; Ubuntu; Linux x86_64; rv:76.0) Gecko/20100101 Firefox/76.0"
::1 - - [29/May/2020:12:20:49 +0000] "GET / HTTP/1.1" 304 - "-" "Mozilla/5.0 (X11; Ubuntu; Linux x86_64; rv:76.0) Gecko/20100101 Firefox/76.0"
::1 - - [29/May/2020:12:20:49 +0000] "GET /style.css HTTP/1.1" 304 - "http://localhost:8080/" "Mozilla/5.0 (X11; Ubuntu; Linux x86_64; rv:76.0) Gecko/20100101 Firefox/76.0"
::1 - - [29/May/2020:12:20:49 +0000] "GET /app/init.js HTTP/1.1" 304 - "http://localhost:8080/" "Mozilla/5.0 (X11; Ubuntu; Linux x86_64; rv:76.0) Gecko/20100101 Firefox/76.0"
::1 - - [29/May/2020:12:20:49 +0000] "GET /api/participants HTTP/1.1" 200 459 "http://localhost:8080/" "Mozilla/5.0 (X11; Ubuntu; Linux x86_64; rv:76.0) Gecko/20100101 Firefox/76.0"
::1 - - [29/May/2020:12:21:05 +0000] "POST /api/participants HTTP/1.1" 200 9 "http://localhost:8080/" "Mozilla/5.0 (X11; Ubuntu; Linux x86_64; rv:76.0) Gecko/20100101 Firefox/76.0"
::1 - - [29/May/2020:12:26:30 +0000] "GET / HTTP/1.1" 304 - "-" "Mozilla/5.0 (X11; Ubuntu; Linux x86_64; rv:76.0) Gecko/20100101 Firefox/76.0"
::1 - - [29/May/2020:12:26:30 +0000] "GET /style.css HTTP/1.1" 304 - "http://localhost:8080/" "Mozilla/5.0 (X11; Ubuntu; Linux x86_64; rv:76.0) Gecko/20100101 Firefox/76.0"
::1 - - [29/May/2020:12:26:30 +0000] "GET /app/init.js HTTP/1.1" 200 997 "http://localhost:8080/" "Mozilla/5.0 (X11; Ubuntu; Linux x86_64; rv:76.0) Gecko/20100101 Firefox/76.0"
::1 - - [29/May/2020:12:26:31 +0000] "GET /api/participants HTTP/1.1" 200 469 "http://localhost:8080/" "Mozilla/5.0 (X11; Ubuntu; Linux x86_64; rv:76.0) Gecko/20100101 Firefox/76.0"
::1 - - [29/May/2020:12:28:44 +0000] "GET / HTTP/1.1" 200 4077 "-" "Mozilla/5.0 (X11; Ubuntu; Linux x86_64; rv:76.0) Gecko/20100101 Firefox/76.0"
::1 - - [29/May/2020:12:28:44 +0000] "GET /style.css HTTP/1.1" 304 - "http://localhost:8080/" "Mozilla/5.0 (X11; Ubuntu; Linux x86_64; rv:76.0) Gecko/20100101 Firefox/76.0"
::1 - - [29/May/2020:12:28:44 +0000] "GET /app/init.js HTTP/1.1" 200 991 "http://localhost:8080/" "Mozilla/5.0 (X11; Ubuntu; Linux x86_64; rv:76.0) Gecko/20100101 Firefox/76.0"
::1 - - [29/May/2020:12:28:44 +0000] "GET /api/participants HTTP/1.1" 304 - "http://localhost:8080/" "Mozilla/5.0 (X11; Ubuntu; Linux x86_64; rv:76.0) Gecko/20100101 Firefox/76.0"
::1 - - [29/May/2020:12:28:50 +0000] "GET / HTTP/1.1" 304 - "-" "Mozilla/5.0 (X11; Ubuntu; Linux x86_64; rv:76.0) Gecko/20100101 Firefox/76.0"
::1 - - [29/May/2020:12:28:50 +0000] "GET /style.css HTTP/1.1" 304 - "http://localhost:8080/" "Mozilla/5.0 (X11; Ubuntu; Linux x86_64; rv:76.0) Gecko/20100101 Firefox/76.0"
::1 - - [29/May/2020:12:28:50 +0000] "GET /app/init.js HTTP/1.1" 304 - "http://localhost:8080/" "Mozilla/5.0 (X11; Ubuntu; Linux x86_64; rv:76.0) Gecko/20100101 Firefox/76.0"
::1 - - [29/May/2020:12:28:50 +0000] "GET /api/participants HTTP/1.1" 304 - "http://localhost:8080/" "Mozilla/5.0 (X11; Ubuntu; Linux x86_64; rv:76.0) Gecko/20100101 Firefox/76.0"
::1 - - [29/May/2020:12:28:59 +0000] "GET / HTTP/1.1" 304 - "-" "Mozilla/5.0 (X11; Ubuntu; Linux x86_64; rv:76.0) Gecko/20100101 Firefox/76.0"
::1 - - [29/May/2020:12:28:59 +0000] "GET /style.css HTTP/1.1" 304 - "http://localhost:8080/" "Mozilla/5.0 (X11; Ubuntu; Linux x86_64; rv:76.0) Gecko/20100101 Firefox/76.0"
::1 - - [29/May/2020:12:28:59 +0000] "GET /app/init.js HTTP/1.1" 304 - "http://localhost:8080/" "Mozilla/5.0 (X11; Ubuntu; Linux x86_64; rv:76.0) Gecko/20100101 Firefox/76.0"
::1 - - [29/May/2020:12:28:59 +0000] "GET /api/participants HTTP/1.1" 304 - "http://localhost:8080/" "Mozilla/5.0 (X11; Ubuntu; Linux x86_64; rv:76.0) Gecko/20100101 Firefox/76.0"
::1 - - [29/May/2020:12:31:50 +0000] "GET / HTTP/1.1" 304 - "-" "Mozilla/5.0 (X11; Ubuntu; Linux x86_64; rv:76.0) Gecko/20100101 Firefox/76.0"
::1 - - [29/May/2020:12:31:50 +0000] "GET /style.css HTTP/1.1" 304 - "http://localhost:8080/" "Mozilla/5.0 (X11; Ubuntu; Linux x86_64; rv:76.0) Gecko/20100101 Firefox/76.0"
::1 - - [29/May/2020:12:31:50 +0000] "GET /app/init.js HTTP/1.1" 304 - "http://localhost:8080/" "Mozilla/5.0 (X11; Ubuntu; Linux x86_64; rv:76.0) Gecko/20100101 Firefox/76.0"
::1 - - [29/May/2020:12:31:50 +0000] "GET /api/participants HTTP/1.1" 200 447 "http://localhost:8080/" "Mozilla/5.0 (X11; Ubuntu; Linux x86_64; rv:76.0) Gecko/20100101 Firefox/76.0"
::1 - - [29/May/2020:12:37:12 +0000] "GET / HTTP/1.1" 200 4077 "-" "Mozilla/5.0 (X11; Ubuntu; Linux x86_64; rv:76.0) Gecko/20100101 Firefox/76.0"
::1 - - [29/May/2020:12:37:13 +0000] "GET /style.css HTTP/1.1" 304 - "http://localhost:8080/" "Mozilla/5.0 (X11; Ubuntu; Linux x86_64; rv:76.0) Gecko/20100101 Firefox/76.0"
::1 - - [29/May/2020:12:37:13 +0000] "GET /app/init.js HTTP/1.1" 304 - "http://localhost:8080/" "Mozilla/5.0 (X11; Ubuntu; Linux x86_64; rv:76.0) Gecko/20100101 Firefox/76.0"
::1 - - [29/May/2020:12:37:13 +0000] "GET /api/participants HTTP/1.1" 304 - "http://localhost:8080/" "Mozilla/5.0 (X11; Ubuntu; Linux x86_64; rv:76.0) Gecko/20100101 Firefox/76.0"
::1 - - [29/May/2020:12:37:38 +0000] "POST /api/participants HTTP/1.1" 200 9 "http://localhost:8080/" "Mozilla/5.0 (X11; Ubuntu; Linux x86_64; rv:76.0) Gecko/20100101 Firefox/76.0"
::1 - - [29/May/2020:12:44:59 +0000] "POST /api/participants HTTP/1.1" 200 9 "http://localhost:8080/" "Mozilla/5.0 (X11; Ubuntu; Linux x86_64; rv:76.0) Gecko/20100101 Firefox/76.0"
::1 - - [29/May/2020:12:45:28 +0000] "GET / HTTP/1.1" 304 - "-" "Mozilla/5.0 (X11; Ubuntu; Linux x86_64; rv:76.0) Gecko/20100101 Firefox/76.0"
::1 - - [29/May/2020:12:45:28 +0000] "GET /style.css HTTP/1.1" 304 - "http://localhost:8080/" "Mozilla/5.0 (X11; Ubuntu; Linux x86_64; rv:76.0) Gecko/20100101 Firefox/76.0"
::1 - - [29/May/2020:12:45:28 +0000] "GET /app/init.js HTTP/1.1" 304 - "http://localhost:8080/" "Mozilla/5.0 (X11; Ubuntu; Linux x86_64; rv:76.0) Gecko/20100101 Firefox/76.0"
::1 - - [29/May/2020:12:45:29 +0000] "GET /api/participants HTTP/1.1" 200 467 "http://localhost:8080/" "Mozilla/5.0 (X11; Ubuntu; Linux x86_64; rv:76.0) Gecko/20100101 Firefox/76.0"
::1 - - [29/May/2020:12:45:30 +0000] "POST /api/participants HTTP/1.1" 200 9 "http://localhost:8080/" "Mozilla/5.0 (X11; Ubuntu; Linux x86_64; rv:76.0) Gecko/20100101 Firefox/76.0"
::1 - - [29/May/2020:12:49:24 +0000] "GET / HTTP/1.1" 200 4013 "-" "Mozilla/5.0 (X11; Ubuntu; Linux x86_64; rv:76.0) Gecko/20100101 Firefox/76.0"
::1 - - [29/May/2020:12:49:24 +0000] "GET /style.css HTTP/1.1" 304 - "http://localhost:8080/" "Mozilla/5.0 (X11; Ubuntu; Linux x86_64; rv:76.0) Gecko/20100101 Firefox/76.0"
::1 - - [29/May/2020:12:49:24 +0000] "GET /app/init.js HTTP/1.1" 304 - "http://localhost:8080/" "Mozilla/5.0 (X11; Ubuntu; Linux x86_64; rv:76.0) Gecko/20100101 Firefox/76.0"
::1 - - [29/May/2020:12:49:24 +0000] "GET /api/participants HTTP/1.1" 200 477 "http://localhost:8080/" "Mozilla/5.0 (X11; Ubuntu; Linux x86_64; rv:76.0) Gecko/20100101 Firefox/76.0"
::1 - - [29/May/2020:12:49:47 +0000] "POST /api/participants HTTP/1.1" 200 9 "http://localhost:8080/" "Mozilla/5.0 (X11; Ubuntu; Linux x86_64; rv:76.0) Gecko/20100101 Firefox/76.0"
::1 - - [29/May/2020:12:55:38 +0000] "GET / HTTP/1.1" 304 - "-" "Mozilla/5.0 (X11; Ubuntu; Linux x86_64; rv:76.0) Gecko/20100101 Firefox/76.0"
::1 - - [29/May/2020:12:55:38 +0000] "GET /style.css HTTP/1.1" 304 - "http://localhost:8080/" "Mozilla/5.0 (X11; Ubuntu; Linux x86_64; rv:76.0) Gecko/20100101 Firefox/76.0"
::1 - - [29/May/2020:12:55:38 +0000] "GET /app/init.js HTTP/1.1" 304 - "http://localhost:8080/" "Mozilla/5.0 (X11; Ubuntu; Linux x86_64; rv:76.0) Gecko/20100101 Firefox/76.0"
::1 - - [29/May/2020:12:55:39 +0000] "GET /api/participants HTTP/1.1" 200 487 "http://localhost:8080/" "Mozilla/5.0 (X11; Ubuntu; Linux x86_64; rv:76.0) Gecko/20100101 Firefox/76.0"
::1 - - [29/May/2020:12:56:03 +0000] "POST /api/participants HTTP/1.1" 200 9 "http://localhost:8080/" "Mozilla/5.0 (X11; Ubuntu; Linux x86_64; rv:76.0) Gecko/20100101 Firefox/76.0"
::1 - - [29/May/2020:12:58:17 +0000] "GET / HTTP/1.1" 200 4013 "-" "Mozilla/5.0 (X11; Ubuntu; Linux x86_64; rv:76.0) Gecko/20100101 Firefox/76.0"
::1 - - [29/May/2020:12:58:17 +0000] "GET /style.css HTTP/1.1" 304 - "http://localhost:8080/" "Mozilla/5.0 (X11; Ubuntu; Linux x86_64; rv:76.0) Gecko/20100101 Firefox/76.0"
::1 - - [29/May/2020:12:58:17 +0000] "GET /app/init.js HTTP/1.1" 304 - "http://localhost:8080/" "Mozilla/5.0 (X11; Ubuntu; Linux x86_64; rv:76.0) Gecko/20100101 Firefox/76.0"
::1 - - [29/May/2020:12:58:17 +0000] "GET /api/participants HTTP/1.1" 200 497 "http://localhost:8080/" "Mozilla/5.0 (X11; Ubuntu; Linux x86_64; rv:76.0) Gecko/20100101 Firefox/76.0"
::1 - - [29/May/2020:12:59:19 +0000] "GET / HTTP/1.1" 304 - "-" "Mozilla/5.0 (X11; Ubuntu; Linux x86_64; rv:76.0) Gecko/20100101 Firefox/76.0"
::1 - - [29/May/2020:12:59:19 +0000] "GET /style.css HTTP/1.1" 304 - "http://localhost:8080/" "Mozilla/5.0 (X11; Ubuntu; Linux x86_64; rv:76.0) Gecko/20100101 Firefox/76.0"
::1 - - [29/May/2020:12:59:19 +0000] "GET /app/init.js HTTP/1.1" 304 - "http://localhost:8080/" "Mozilla/5.0 (X11; Ubuntu; Linux x86_64; rv:76.0) Gecko/20100101 Firefox/76.0"
::1 - - [29/May/2020:12:59:19 +0000] "GET /api/participants HTTP/1.1" 304 - "http://localhost:8080/" "Mozilla/5.0 (X11; Ubuntu; Linux x86_64; rv:76.0) Gecko/20100101 Firefox/76.0"
::1 - - [29/May/2020:13:01:42 +0000] "GET / HTTP/1.1" 200 4001 "-" "Mozilla/5.0 (X11; Ubuntu; Linux x86_64; rv:76.0) Gecko/20100101 Firefox/76.0"
::1 - - [29/May/2020:13:01:43 +0000] "GET /style.css HTTP/1.1" 304 - "http://localhost:8080/" "Mozilla/5.0 (X11; Ubuntu; Linux x86_64; rv:76.0) Gecko/20100101 Firefox/76.0"
::1 - - [29/May/2020:13:01:43 +0000] "GET /app/init.js HTTP/1.1" 200 991 "http://localhost:8080/" "Mozilla/5.0 (X11; Ubuntu; Linux x86_64; rv:76.0) Gecko/20100101 Firefox/76.0"
::1 - - [29/May/2020:13:01:43 +0000] "GET /api/participants HTTP/1.1" 304 - "http://localhost:8080/" "Mozilla/5.0 (X11; Ubuntu; Linux x86_64; rv:76.0) Gecko/20100101 Firefox/76.0"
::1 - - [29/May/2020:13:01:52 +0000] "POST /api/participants HTTP/1.1" 200 9 "http://localhost:8080/" "Mozilla/5.0 (X11; Ubuntu; Linux x86_64; rv:76.0) Gecko/20100101 Firefox/76.0"
::1 - - [29/May/2020:13:22:56 +0000] "GET / HTTP/1.1" 200 4077 "-" "Mozilla/5.0 (X11; Ubuntu; Linux x86_64; rv:76.0) Gecko/20100101 Firefox/76.0"
::1 - - [29/May/2020:13:22:56 +0000] "GET /style.css HTTP/1.1" 200 116 "http://localhost:8080/" "Mozilla/5.0 (X11; Ubuntu; Linux x86_64; rv:76.0) Gecko/20100101 Firefox/76.0"
::1 - - [29/May/2020:13:22:56 +0000] "GET /app/init.js HTTP/1.1" 200 991 "http://localhost:8080/" "Mozilla/5.0 (X11; Ubuntu; Linux x86_64; rv:76.0) Gecko/20100101 Firefox/76.0"
::1 - - [29/May/2020:13:22:57 +0000] "GET /api/participants HTTP/1.1" 200 507 "http://localhost:8080/" "Mozilla/5.0 (X11; Ubuntu; Linux x86_64; rv:76.0) Gecko/20100101 Firefox/76.0"
::1 - - [29/May/2020:13:24:37 +0000] "GET / HTTP/1.1" 200 4077 "-" "Mozilla/5.0 (X11; Ubuntu; Linux x86_64; rv:76.0) Gecko/20100101 Firefox/76.0"
::1 - - [29/May/2020:13:24:37 +0000] "GET /style.css HTTP/1.1" 200 116 "http://localhost:8080/" "Mozilla/5.0 (X11; Ubuntu; Linux x86_64; rv:76.0) Gecko/20100101 Firefox/76.0"
::1 - - [29/May/2020:13:24:37 +0000] "GET /app/init.js HTTP/1.1" 200 991 "http://localhost:8080/" "Mozilla/5.0 (X11; Ubuntu; Linux x86_64; rv:76.0) Gecko/20100101 Firefox/76.0"
::1 - - [29/May/2020:13:24:37 +0000] "GET /favicon.ico HTTP/1.1" 404 150 "-" "Mozilla/5.0 (X11; Ubuntu; Linux x86_64; rv:76.0) Gecko/20100101 Firefox/76.0"
::1 - - [29/May/2020:13:24:37 +0000] "GET /api/participants HTTP/1.1" 200 447 "http://localhost:8080/" "Mozilla/5.0 (X11; Ubuntu; Linux x86_64; rv:76.0) Gecko/20100101 Firefox/76.0"
::1 - - [29/May/2020:13:25:20 +0000] "GET / HTTP/1.1" 200 4065 "-" "Mozilla/5.0 (X11; Ubuntu; Linux x86_64; rv:76.0) Gecko/20100101 Firefox/76.0"
::1 - - [29/May/2020:13:25:20 +0000] "GET /style.css HTTP/1.1" 304 - "http://localhost:8080/" "Mozilla/5.0 (X11; Ubuntu; Linux x86_64; rv:76.0) Gecko/20100101 Firefox/76.0"
::1 - - [29/May/2020:13:25:20 +0000] "GET /app/init.js HTTP/1.1" 200 991 "http://localhost:8080/" "Mozilla/5.0 (X11; Ubuntu; Linux x86_64; rv:76.0) Gecko/20100101 Firefox/76.0"
::1 - - [29/May/2020:13:25:20 +0000] "GET /api/participants HTTP/1.1" 304 - "http://localhost:8080/" "Mozilla/5.0 (X11; Ubuntu; Linux x86_64; rv:76.0) Gecko/20100101 Firefox/76.0"
::1 - - [29/May/2020:13:26:21 +0000] "GET / HTTP/1.1" 304 - "-" "Mozilla/5.0 (X11; Ubuntu; Linux x86_64; rv:76.0) Gecko/20100101 Firefox/76.0"
::1 - - [29/May/2020:13:26:22 +0000] "GET /style.css HTTP/1.1" 200 116 "http://localhost:8080/" "Mozilla/5.0 (X11; Ubuntu; Linux x86_64; rv:76.0) Gecko/20100101 Firefox/76.0"
::1 - - [29/May/2020:13:26:22 +0000] "GET /app/init.js HTTP/1.1" 200 991 "http://localhost:8080/" "Mozilla/5.0 (X11; Ubuntu; Linux x86_64; rv:76.0) Gecko/20100101 Firefox/76.0"
::1 - - [29/May/2020:13:26:22 +0000] "GET /api/participants HTTP/1.1" 304 - "http://localhost:8080/" "Mozilla/5.0 (X11; Ubuntu; Linux x86_64; rv:76.0) Gecko/20100101 Firefox/76.0"
::1 - - [29/May/2020:13:26:22 +0000] "GET /favicon.ico HTTP/1.1" 404 150 "-" "Mozilla/5.0 (X11; Ubuntu; Linux x86_64; rv:76.0) Gecko/20100101 Firefox/76.0"
::1 - - [29/May/2020:13:27:11 +0000] "POST /api/participants HTTP/1.1" - - "http://localhost:8080/" "Mozilla/5.0 (X11; Ubuntu; Linux x86_64; rv:76.0) Gecko/20100101 Firefox/76.0"
::1 - - [29/May/2020:13:27:12 +0000] "GET / HTTP/1.1" 304 - "-" "Mozilla/5.0 (X11; Ubuntu; Linux x86_64; rv:76.0) Gecko/20100101 Firefox/76.0"
::1 - - [29/May/2020:13:27:12 +0000] "GET /style.css HTTP/1.1" 304 - "http://localhost:8080/" "Mozilla/5.0 (X11; Ubuntu; Linux x86_64; rv:76.0) Gecko/20100101 Firefox/76.0"
::1 - - [29/May/2020:13:27:12 +0000] "GET /app/init.js HTTP/1.1" 200 991 "http://localhost:8080/" "Mozilla/5.0 (X11; Ubuntu; Linux x86_64; rv:76.0) Gecko/20100101 Firefox/76.0"
::1 - - [29/May/2020:13:27:13 +0000] "GET /api/participants HTTP/1.1" 304 - "http://localhost:8080/" "Mozilla/5.0 (X11; Ubuntu; Linux x86_64; rv:76.0) Gecko/20100101 Firefox/76.0"
::1 - - [29/May/2020:13:27:27 +0000] "GET / HTTP/1.1" 304 - "-" "Mozilla/5.0 (X11; Ubuntu; Linux x86_64; rv:76.0) Gecko/20100101 Firefox/76.0"
::1 - - [29/May/2020:13:27:28 +0000] "GET /style.css HTTP/1.1" 304 - "http://localhost:8080/" "Mozilla/5.0 (X11; Ubuntu; Linux x86_64; rv:76.0) Gecko/20100101 Firefox/76.0"
::1 - - [29/May/2020:13:27:28 +0000] "GET /app/init.js HTTP/1.1" 200 991 "http://localhost:8080/" "Mozilla/5.0 (X11; Ubuntu; Linux x86_64; rv:76.0) Gecko/20100101 Firefox/76.0"
::1 - - [29/May/2020:13:27:28 +0000] "GET /api/participants HTTP/1.1" 304 - "http://localhost:8080/" "Mozilla/5.0 (X11; Ubuntu; Linux x86_64; rv:76.0) Gecko/20100101 Firefox/76.0"
::1 - - [29/May/2020:13:47:13 +0000] "POST /api/participants HTTP/1.1" - - "http://localhost:8080/" "Mozilla/5.0 (X11; Ubuntu; Linux x86_64; rv:76.0) Gecko/20100101 Firefox/76.0"
::1 - - [29/May/2020:13:47:36 +0000] "GET / HTTP/1.1" 304 - "-" "Mozilla/5.0 (X11; Ubuntu; Linux x86_64; rv:76.0) Gecko/20100101 Firefox/76.0"
::1 - - [29/May/2020:13:47:36 +0000] "GET /style.css HTTP/1.1" 304 - "http://localhost:8080/" "Mozilla/5.0 (X11; Ubuntu; Linux x86_64; rv:76.0) Gecko/20100101 Firefox/76.0"
::1 - - [29/May/2020:13:47:36 +0000] "GET /app/init.js HTTP/1.1" 200 991 "http://localhost:8080/" "Mozilla/5.0 (X11; Ubuntu; Linux x86_64; rv:76.0) Gecko/20100101 Firefox/76.0"
::1 - - [29/May/2020:13:47:36 +0000] "GET /api/participants HTTP/1.1" 304 - "http://localhost:8080/" "Mozilla/5.0 (X11; Ubuntu; Linux x86_64; rv:76.0) Gecko/20100101 Firefox/76.0"
::1 - - [29/May/2020:13:48:02 +0000] "GET / HTTP/1.1" 304 - "-" "Mozilla/5.0 (X11; Ubuntu; Linux x86_64; rv:76.0) Gecko/20100101 Firefox/76.0"
::1 - - [29/May/2020:13:48:02 +0000] "GET /style.css HTTP/1.1" 304 - "http://localhost:8080/" "Mozilla/5.0 (X11; Ubuntu; Linux x86_64; rv:76.0) Gecko/20100101 Firefox/76.0"
::1 - - [29/May/2020:13:48:02 +0000] "GET /app/init.js HTTP/1.1" 304 - "http://localhost:8080/" "Mozilla/5.0 (X11; Ubuntu; Linux x86_64; rv:76.0) Gecko/20100101 Firefox/76.0"
::1 - - [29/May/2020:13:48:02 +0000] "GET /api/participants HTTP/1.1" 304 - "http://localhost:8080/" "Mozilla/5.0 (X11; Ubuntu; Linux x86_64; rv:76.0) Gecko/20100101 Firefox/76.0"
::1 - - [29/May/2020:13:53:44 +0000] "GET / HTTP/1.1" 304 - "-" "Mozilla/5.0 (X11; Ubuntu; Linux x86_64; rv:76.0) Gecko/20100101 Firefox/76.0"
::1 - - [29/May/2020:13:53:44 +0000] "GET /style.css HTTP/1.1" 304 - "http://localhost:8080/" "Mozilla/5.0 (X11; Ubuntu; Linux x86_64; rv:76.0) Gecko/20100101 Firefox/76.0"
::1 - - [29/May/2020:13:53:44 +0000] "GET /app/init.js HTTP/1.1" 304 - "http://localhost:8080/" "Mozilla/5.0 (X11; Ubuntu; Linux x86_64; rv:76.0) Gecko/20100101 Firefox/76.0"
::1 - - [29/May/2020:13:53:44 +0000] "GET /api/participants HTTP/1.1" 304 - "http://localhost:8080/" "Mozilla/5.0 (X11; Ubuntu; Linux x86_64; rv:76.0) Gecko/20100101 Firefox/76.0"
::1 - - [29/May/2020:13:54:18 +0000] "POST /api/participants HTTP/1.1" 200 9 "http://localhost:8080/" "Mozilla/5.0 (X11; Ubuntu; Linux x86_64; rv:76.0) Gecko/20100101 Firefox/76.0"
::1 - - [29/May/2020:13:59:31 +0000] "GET / HTTP/1.1" 200 4001 "-" "Mozilla/5.0 (X11; Ubuntu; Linux x86_64; rv:76.0) Gecko/20100101 Firefox/76.0"
::1 - - [29/May/2020:13:59:31 +0000] "GET /style.css HTTP/1.1" 304 - "http://localhost:8080/" "Mozilla/5.0 (X11; Ubuntu; Linux x86_64; rv:76.0) Gecko/20100101 Firefox/76.0"
::1 - - [29/May/2020:13:59:31 +0000] "GET /app/init.js HTTP/1.1" 200 991 "http://localhost:8080/" "Mozilla/5.0 (X11; Ubuntu; Linux x86_64; rv:76.0) Gecko/20100101 Firefox/76.0"
::1 - - [29/May/2020:13:59:32 +0000] "GET /favicon.ico HTTP/1.1" 404 150 "-" "Mozilla/5.0 (X11; Ubuntu; Linux x86_64; rv:76.0) Gecko/20100101 Firefox/76.0"
::1 - - [29/May/2020:13:59:32 +0000] "GET /api/participants HTTP/1.1" 200 457 "http://localhost:8080/" "Mozilla/5.0 (X11; Ubuntu; Linux x86_64; rv:76.0) Gecko/20100101 Firefox/76.0"
::1 - - [29/May/2020:13:59:54 +0000] "GET / HTTP/1.1" 304 - "-" "Mozilla/5.0 (X11; Ubuntu; Linux x86_64; rv:76.0) Gecko/20100101 Firefox/76.0"
::1 - - [29/May/2020:13:59:54 +0000] "GET /style.css HTTP/1.1" 304 - "http://localhost:8080/" "Mozilla/5.0 (X11; Ubuntu; Linux x86_64; rv:76.0) Gecko/20100101 Firefox/76.0"
::1 - - [29/May/2020:13:59:54 +0000] "GET /app/init.js HTTP/1.1" 304 - "http://localhost:8080/" "Mozilla/5.0 (X11; Ubuntu; Linux x86_64; rv:76.0) Gecko/20100101 Firefox/76.0"
::1 - - [29/May/2020:13:59:54 +0000] "GET /api/participants HTTP/1.1" 200 447 "http://localhost:8080/" "Mozilla/5.0 (X11; Ubuntu; Linux x86_64; rv:76.0) Gecko/20100101 Firefox/76.0"
::1 - - [29/May/2020:14:01:10 +0000] "GET / HTTP/1.1" 200 4049 "-" "Mozilla/5.0 (X11; Ubuntu; Linux x86_64; rv:76.0) Gecko/20100101 Firefox/76.0"
::1 - - [29/May/2020:14:01:10 +0000] "GET /style.css HTTP/1.1" 304 - "http://localhost:8080/" "Mozilla/5.0 (X11; Ubuntu; Linux x86_64; rv:76.0) Gecko/20100101 Firefox/76.0"
::1 - - [29/May/2020:14:01:10 +0000] "GET /app/init.js HTTP/1.1" 304 - "http://localhost:8080/" "Mozilla/5.0 (X11; Ubuntu; Linux x86_64; rv:76.0) Gecko/20100101 Firefox/76.0"
::1 - - [29/May/2020:14:01:10 +0000] "GET /api/participants HTTP/1.1" 304 - "http://localhost:8080/" "Mozilla/5.0 (X11; Ubuntu; Linux x86_64; rv:76.0) Gecko/20100101 Firefox/76.0"
::1 - - [29/May/2020:14:01:19 +0000] "POST /api/participants HTTP/1.1" 200 9 "http://localhost:8080/" "Mozilla/5.0 (X11; Ubuntu; Linux x86_64; rv:76.0) Gecko/20100101 Firefox/76.0"
::1 - - [29/May/2020:14:02:02 +0000] "GET / HTTP/1.1" 304 - "-" "Mozilla/5.0 (X11; Ubuntu; Linux x86_64; rv:76.0) Gecko/20100101 Firefox/76.0"
::1 - - [29/May/2020:14:02:02 +0000] "GET /style.css HTTP/1.1" 304 - "http://localhost:8080/" "Mozilla/5.0 (X11; Ubuntu; Linux x86_64; rv:76.0) Gecko/20100101 Firefox/76.0"
::1 - - [29/May/2020:14:02:02 +0000] "GET /app/init.js HTTP/1.1" 200 739 "http://localhost:8080/" "Mozilla/5.0 (X11; Ubuntu; Linux x86_64; rv:76.0) Gecko/20100101 Firefox/76.0"
::1 - - [29/May/2020:14:02:02 +0000] "GET /api/participants HTTP/1.1" 200 457 "http://localhost:8080/" "Mozilla/5.0 (X11; Ubuntu; Linux x86_64; rv:76.0) Gecko/20100101 Firefox/76.0"
::1 - - [29/May/2020:14:03:13 +0000] "GET / HTTP/1.1" 304 - "-" "Mozilla/5.0 (X11; Ubuntu; Linux x86_64; rv:76.0) Gecko/20100101 Firefox/76.0"
::1 - - [29/May/2020:14:03:14 +0000] "GET /style.css HTTP/1.1" 304 - "http://localhost:8080/" "Mozilla/5.0 (X11; Ubuntu; Linux x86_64; rv:76.0) Gecko/20100101 Firefox/76.0"
::1 - - [29/May/2020:14:03:14 +0000] "GET /app/init.js HTTP/1.1" 200 770 "http://localhost:8080/" "Mozilla/5.0 (X11; Ubuntu; Linux x86_64; rv:76.0) Gecko/20100101 Firefox/76.0"
::1 - - [29/May/2020:14:03:14 +0000] "GET /api/participants HTTP/1.1" 200 447 "http://localhost:8080/" "Mozilla/5.0 (X11; Ubuntu; Linux x86_64; rv:76.0) Gecko/20100101 Firefox/76.0"
::1 - - [29/May/2020:14:03:46 +0000] "GET / HTTP/1.1" 304 - "-" "Mozilla/5.0 (X11; Ubuntu; Linux x86_64; rv:76.0) Gecko/20100101 Firefox/76.0"
::1 - - [29/May/2020:14:03:46 +0000] "GET /style.css HTTP/1.1" 304 - "http://localhost:8080/" "Mozilla/5.0 (X11; Ubuntu; Linux x86_64; rv:76.0) Gecko/20100101 Firefox/76.0"
::1 - - [29/May/2020:14:03:46 +0000] "GET /app/init.js HTTP/1.1" 200 991 "http://localhost:8080/" "Mozilla/5.0 (X11; Ubuntu; Linux x86_64; rv:76.0) Gecko/20100101 Firefox/76.0"
::1 - - [29/May/2020:14:03:46 +0000] "GET /api/participants HTTP/1.1" 304 - "http://localhost:8080/" "Mozilla/5.0 (X11; Ubuntu; Linux x86_64; rv:76.0) Gecko/20100101 Firefox/76.0"
::1 - - [29/May/2020:14:04:48 +0000] "GET / HTTP/1.1" 304 - "-" "Mozilla/5.0 (X11; Ubuntu; Linux x86_64; rv:76.0) Gecko/20100101 Firefox/76.0"
::1 - - [29/May/2020:14:04:48 +0000] "GET /style.css HTTP/1.1" 304 - "http://localhost:8080/" "Mozilla/5.0 (X11; Ubuntu; Linux x86_64; rv:76.0) Gecko/20100101 Firefox/76.0"
::1 - - [29/May/2020:14:04:48 +0000] "GET /app/init.js HTTP/1.1" 304 - "http://localhost:8080/" "Mozilla/5.0 (X11; Ubuntu; Linux x86_64; rv:76.0) Gecko/20100101 Firefox/76.0"
::1 - - [29/May/2020:14:04:48 +0000] "GET /api/participants HTTP/1.1" 404 155 "http://localhost:8080/" "Mozilla/5.0 (X11; Ubuntu; Linux x86_64; rv:76.0) Gecko/20100101 Firefox/76.0"
::1 - - [29/May/2020:14:05:00 +0000] "GET / HTTP/1.1" 304 - "-" "Mozilla/5.0 (X11; Ubuntu; Linux x86_64; rv:76.0) Gecko/20100101 Firefox/76.0"
::1 - - [29/May/2020:14:05:00 +0000] "GET /style.css HTTP/1.1" 304 - "http://localhost:8080/" "Mozilla/5.0 (X11; Ubuntu; Linux x86_64; rv:76.0) Gecko/20100101 Firefox/76.0"
::1 - - [29/May/2020:14:05:00 +0000] "GET /app/init.js HTTP/1.1" 304 - "http://localhost:8080/" "Mozilla/5.0 (X11; Ubuntu; Linux x86_64; rv:76.0) Gecko/20100101 Firefox/76.0"
::1 - - [29/May/2020:14:05:00 +0000] "GET /api/participants HTTP/1.1" 404 155 "http://localhost:8080/" "Mozilla/5.0 (X11; Ubuntu; Linux x86_64; rv:76.0) Gecko/20100101 Firefox/76.0"
::1 - - [29/May/2020:14:07:18 +0000] "GET / HTTP/1.1" 200 4036 "-" "Mozilla/5.0 (X11; Ubuntu; Linux x86_64; rv:76.0) Gecko/20100101 Firefox/76.0"
::1 - - [29/May/2020:14:07:18 +0000] "GET /style.css HTTP/1.1" 304 - "http://localhost:8080/" "Mozilla/5.0 (X11; Ubuntu; Linux x86_64; rv:76.0) Gecko/20100101 Firefox/76.0"
::1 - - [29/May/2020:14:07:19 +0000] "GET /app/init.js HTTP/1.1" 304 - "http://localhost:8080/" "Mozilla/5.0 (X11; Ubuntu; Linux x86_64; rv:76.0) Gecko/20100101 Firefox/76.0"
::1 - - [29/May/2020:14:07:19 +0000] "GET /api/participants HTTP/1.1" 200 447 "http://localhost:8080/" "Mozilla/5.0 (X11; Ubuntu; Linux x86_64; rv:76.0) Gecko/20100101 Firefox/76.0"
::1 - - [29/May/2020:14:07:24 +0000] "POST /api/participants HTTP/1.1" 200 9 "http://localhost:8080/" "Mozilla/5.0 (X11; Ubuntu; Linux x86_64; rv:76.0) Gecko/20100101 Firefox/76.0"
::1 - - [29/May/2020:14:07:43 +0000] "GET / HTTP/1.1" 304 - "-" "Mozilla/5.0 (X11; Ubuntu; Linux x86_64; rv:76.0) Gecko/20100101 Firefox/76.0"
::1 - - [29/May/2020:14:07:43 +0000] "GET /style.css HTTP/1.1" 200 116 "http://localhost:8080/" "Mozilla/5.0 (X11; Ubuntu; Linux x86_64; rv:76.0) Gecko/20100101 Firefox/76.0"
::1 - - [29/May/2020:14:07:43 +0000] "GET /app/init.js HTTP/1.1" 304 - "http://localhost:8080/" "Mozilla/5.0 (X11; Ubuntu; Linux x86_64; rv:76.0) Gecko/20100101 Firefox/76.0"
::1 - - [29/May/2020:14:07:43 +0000] "GET /api/participants HTTP/1.1" 200 457 "http://localhost:8080/" "Mozilla/5.0 (X11; Ubuntu; Linux x86_64; rv:76.0) Gecko/20100101 Firefox/76.0"
::1 - - [29/May/2020:14:07:45 +0000] "GET / HTTP/1.1" 304 - "-" "Mozilla/5.0 (X11; Ubuntu; Linux x86_64; rv:76.0) Gecko/20100101 Firefox/76.0"
::1 - - [29/May/2020:14:07:45 +0000] "GET /style.css HTTP/1.1" 304 - "http://localhost:8080/" "Mozilla/5.0 (X11; Ubuntu; Linux x86_64; rv:76.0) Gecko/20100101 Firefox/76.0"
::1 - - [29/May/2020:14:07:45 +0000] "GET /app/init.js HTTP/1.1" 304 - "http://localhost:8080/" "Mozilla/5.0 (X11; Ubuntu; Linux x86_64; rv:76.0) Gecko/20100101 Firefox/76.0"
::1 - - [29/May/2020:14:07:45 +0000] "GET /api/participants HTTP/1.1" 304 - "http://localhost:8080/" "Mozilla/5.0 (X11; Ubuntu; Linux x86_64; rv:76.0) Gecko/20100101 Firefox/76.0"
::1 - - [29/May/2020:14:07:46 +0000] "GET / HTTP/1.1" 304 - "-" "Mozilla/5.0 (X11; Ubuntu; Linux x86_64; rv:76.0) Gecko/20100101 Firefox/76.0"
::1 - - [29/May/2020:14:07:46 +0000] "GET /style.css HTTP/1.1" 304 - "http://localhost:8080/" "Mozilla/5.0 (X11; Ubuntu; Linux x86_64; rv:76.0) Gecko/20100101 Firefox/76.0"
::1 - - [29/May/2020:14:07:46 +0000] "GET /app/init.js HTTP/1.1" 304 - "http://localhost:8080/" "Mozilla/5.0 (X11; Ubuntu; Linux x86_64; rv:76.0) Gecko/20100101 Firefox/76.0"
::1 - - [29/May/2020:14:07:47 +0000] "GET /api/participants HTTP/1.1" 304 - "http://localhost:8080/" "Mozilla/5.0 (X11; Ubuntu; Linux x86_64; rv:76.0) Gecko/20100101 Firefox/76.0"
::1 - - [29/May/2020:14:09:45 +0000] "GET / HTTP/1.1" 304 - "-" "Mozilla/5.0 (X11; Ubuntu; Linux x86_64; rv:76.0) Gecko/20100101 Firefox/76.0"
::1 - - [29/May/2020:14:09:45 +0000] "GET /style.css HTTP/1.1" 304 - "http://localhost:8080/" "Mozilla/5.0 (X11; Ubuntu; Linux x86_64; rv:76.0) Gecko/20100101 Firefox/76.0"
::1 - - [29/May/2020:14:09:45 +0000] "GET /app/init.js HTTP/1.1" 304 - "http://localhost:8080/" "Mozilla/5.0 (X11; Ubuntu; Linux x86_64; rv:76.0) Gecko/20100101 Firefox/76.0"
::1 - - [29/May/2020:14:09:46 +0000] "GET /api/participants HTTP/1.1" 200 447 "http://localhost:8080/" "Mozilla/5.0 (X11; Ubuntu; Linux x86_64; rv:76.0) Gecko/20100101 Firefox/76.0"
::1 - - [29/May/2020:14:09:51 +0000] "POST /api/participants HTTP/1.1" 200 9 "http://localhost:8080/" "Mozilla/5.0 (X11; Ubuntu; Linux x86_64; rv:76.0) Gecko/20100101 Firefox/76.0"
::1 - - [29/May/2020:14:11:47 +0000] "GET / HTTP/1.1" 304 - "-" "Mozilla/5.0 (X11; Ubuntu; Linux x86_64; rv:76.0) Gecko/20100101 Firefox/76.0"
::1 - - [29/May/2020:14:11:47 +0000] "GET /style.css HTTP/1.1" 304 - "http://localhost:8080/" "Mozilla/5.0 (X11; Ubuntu; Linux x86_64; rv:76.0) Gecko/20100101 Firefox/76.0"
::1 - - [29/May/2020:14:11:47 +0000] "GET /app/init.js HTTP/1.1" 304 - "http://localhost:8080/" "Mozilla/5.0 (X11; Ubuntu; Linux x86_64; rv:76.0) Gecko/20100101 Firefox/76.0"
::1 - - [29/May/2020:14:11:48 +0000] "GET /api/participants HTTP/1.1" 200 457 "http://localhost:8080/" "Mozilla/5.0 (X11; Ubuntu; Linux x86_64; rv:76.0) Gecko/20100101 Firefox/76.0"
::1 - - [29/May/2020:14:12:20 +0000] "POST /api/participants HTTP/1.1" - - "http://localhost:8080/" "Mozilla/5.0 (X11; Ubuntu; Linux x86_64; rv:76.0) Gecko/20100101 Firefox/76.0"
::1 - - [29/May/2020:14:12:22 +0000] "GET / HTTP/1.1" 304 - "-" "Mozilla/5.0 (X11; Ubuntu; Linux x86_64; rv:76.0) Gecko/20100101 Firefox/76.0"
::1 - - [29/May/2020:14:12:22 +0000] "GET /style.css HTTP/1.1" 304 - "http://localhost:8080/" "Mozilla/5.0 (X11; Ubuntu; Linux x86_64; rv:76.0) Gecko/20100101 Firefox/76.0"
::1 - - [29/May/2020:14:12:22 +0000] "GET /app/init.js HTTP/1.1" 304 - "http://localhost:8080/" "Mozilla/5.0 (X11; Ubuntu; Linux x86_64; rv:76.0) Gecko/20100101 Firefox/76.0"
::1 - - [29/May/2020:14:12:22 +0000] "GET /api/participants HTTP/1.1" 200 447 "http://localhost:8080/" "Mozilla/5.0 (X11; Ubuntu; Linux x86_64; rv:76.0) Gecko/20100101 Firefox/76.0"
::1 - - [29/May/2020:14:20:06 +0000] "GET / HTTP/1.1" 200 4184 "-" "Mozilla/5.0 (X11; Ubuntu; Linux x86_64; rv:76.0) Gecko/20100101 Firefox/76.0"
::1 - - [29/May/2020:14:20:06 +0000] "GET /style.css HTTP/1.1" 304 - "http://localhost:8080/" "Mozilla/5.0 (X11; Ubuntu; Linux x86_64; rv:76.0) Gecko/20100101 Firefox/76.0"
::1 - - [29/May/2020:14:20:06 +0000] "GET /app/init.js HTTP/1.1" 304 - "http://localhost:8080/" "Mozilla/5.0 (X11; Ubuntu; Linux x86_64; rv:76.0) Gecko/20100101 Firefox/76.0"
::1 - - [29/May/2020:14:20:07 +0000] "GET /api/participants HTTP/1.1" 304 - "http://localhost:8080/" "Mozilla/5.0 (X11; Ubuntu; Linux x86_64; rv:76.0) Gecko/20100101 Firefox/76.0"
::1 - - [29/May/2020:14:20:21 +0000] "POST /api/participants HTTP/1.1" 200 9 "http://localhost:8080/" "Mozilla/5.0 (X11; Ubuntu; Linux x86_64; rv:76.0) Gecko/20100101 Firefox/76.0"
::1 - - [29/May/2020:14:22:21 +0000] "GET / HTTP/1.1" 200 4037 "-" "Mozilla/5.0 (X11; Ubuntu; Linux x86_64; rv:76.0) Gecko/20100101 Firefox/76.0"
::1 - - [29/May/2020:14:22:21 +0000] "GET /style.css HTTP/1.1" 200 116 "http://localhost:8080/" "Mozilla/5.0 (X11; Ubuntu; Linux x86_64; rv:76.0) Gecko/20100101 Firefox/76.0"
::1 - - [29/May/2020:14:22:21 +0000] "GET /app/init.js HTTP/1.1" 200 991 "http://localhost:8080/" "Mozilla/5.0 (X11; Ubuntu; Linux x86_64; rv:76.0) Gecko/20100101 Firefox/76.0"
::1 - - [29/May/2020:14:22:21 +0000] "GET /api/participants HTTP/1.1" 200 457 "http://localhost:8080/" "Mozilla/5.0 (X11; Ubuntu; Linux x86_64; rv:76.0) Gecko/20100101 Firefox/76.0"
::1 - - [29/May/2020:14:22:41 +0000] "GET / HTTP/1.1" 304 - "-" "Mozilla/5.0 (X11; Ubuntu; Linux x86_64; rv:76.0) Gecko/20100101 Firefox/76.0"
::1 - - [29/May/2020:14:22:42 +0000] "GET /style.css HTTP/1.1" 304 - "http://localhost:8080/" "Mozilla/5.0 (X11; Ubuntu; Linux x86_64; rv:76.0) Gecko/20100101 Firefox/76.0"
::1 - - [29/May/2020:14:22:42 +0000] "GET /app/init.js HTTP/1.1" 304 - "http://localhost:8080/" "Mozilla/5.0 (X11; Ubuntu; Linux x86_64; rv:76.0) Gecko/20100101 Firefox/76.0"
::1 - - [29/May/2020:14:22:42 +0000] "GET /api/participants HTTP/1.1" 200 447 "http://localhost:8080/" "Mozilla/5.0 (X11; Ubuntu; Linux x86_64; rv:76.0) Gecko/20100101 Firefox/76.0"
::1 - - [29/May/2020:14:23:26 +0000] "GET / HTTP/1.1" 200 3957 "-" "Mozilla/5.0 (X11; Ubuntu; Linux x86_64; rv:76.0) Gecko/20100101 Firefox/76.0"
::1 - - [29/May/2020:14:23:26 +0000] "GET /style.css HTTP/1.1" 304 - "http://localhost:8080/" "Mozilla/5.0 (X11; Ubuntu; Linux x86_64; rv:76.0) Gecko/20100101 Firefox/76.0"
::1 - - [29/May/2020:14:23:26 +0000] "GET /app/init.js HTTP/1.1" 304 - "http://localhost:8080/" "Mozilla/5.0 (X11; Ubuntu; Linux x86_64; rv:76.0) Gecko/20100101 Firefox/76.0"
::1 - - [29/May/2020:14:23:26 +0000] "GET /api/participants HTTP/1.1" 304 - "http://localhost:8080/" "Mozilla/5.0 (X11; Ubuntu; Linux x86_64; rv:76.0) Gecko/20100101 Firefox/76.0"
::1 - - [29/May/2020:14:23:37 +0000] "POST /api/participants HTTP/1.1" 200 9 "http://localhost:8080/" "Mozilla/5.0 (X11; Ubuntu; Linux x86_64; rv:76.0) Gecko/20100101 Firefox/76.0"
::1 - - [29/May/2020:14:25:26 +0000] "GET / HTTP/1.1" 200 3968 "-" "Mozilla/5.0 (X11; Ubuntu; Linux x86_64; rv:76.0) Gecko/20100101 Firefox/76.0"
::1 - - [29/May/2020:14:25:26 +0000] "GET /style.css HTTP/1.1" 200 116 "http://localhost:8080/" "Mozilla/5.0 (X11; Ubuntu; Linux x86_64; rv:76.0) Gecko/20100101 Firefox/76.0"
::1 - - [29/May/2020:14:25:26 +0000] "GET /app/init.js HTTP/1.1" 200 991 "http://localhost:8080/" "Mozilla/5.0 (X11; Ubuntu; Linux x86_64; rv:76.0) Gecko/20100101 Firefox/76.0"
::1 - - [29/May/2020:14:25:27 +0000] "GET /api/participants HTTP/1.1" 200 447 "http://localhost:8080/" "Mozilla/5.0 (X11; Ubuntu; Linux x86_64; rv:76.0) Gecko/20100101 Firefox/76.0"
::1 - - [29/May/2020:14:25:33 +0000] "POST /api/participants HTTP/1.1" 200 9 "http://localhost:8080/" "Mozilla/5.0 (X11; Ubuntu; Linux x86_64; rv:76.0) Gecko/20100101 Firefox/76.0"
::1 - - [29/May/2020:14:26:25 +0000] "GET / HTTP/1.1" 200 3973 "-" "Mozilla/5.0 (X11; Ubuntu; Linux x86_64; rv:76.0) Gecko/20100101 Firefox/76.0"
::1 - - [29/May/2020:14:26:26 +0000] "GET /style.css HTTP/1.1" 304 - "http://localhost:8080/" "Mozilla/5.0 (X11; Ubuntu; Linux x86_64; rv:76.0) Gecko/20100101 Firefox/76.0"
::1 - - [29/May/2020:14:26:26 +0000] "GET /app/init.js HTTP/1.1" 304 - "http://localhost:8080/" "Mozilla/5.0 (X11; Ubuntu; Linux x86_64; rv:76.0) Gecko/20100101 Firefox/76.0"
::1 - - [29/May/2020:14:26:26 +0000] "GET /api/participants HTTP/1.1" 200 447 "http://localhost:8080/" "Mozilla/5.0 (X11; Ubuntu; Linux x86_64; rv:76.0) Gecko/20100101 Firefox/76.0"
::1 - - [29/May/2020:14:26:35 +0000] "POST /api/participants HTTP/1.1" 200 9 "http://localhost:8080/" "Mozilla/5.0 (X11; Ubuntu; Linux x86_64; rv:76.0) Gecko/20100101 Firefox/76.0"
::1 - - [29/May/2020:14:29:38 +0000] "GET / HTTP/1.1" 304 - "-" "Mozilla/5.0 (X11; Ubuntu; Linux x86_64; rv:76.0) Gecko/20100101 Firefox/76.0"
::1 - - [29/May/2020:14:29:39 +0000] "GET /style.css HTTP/1.1" 304 - "http://localhost:8080/" "Mozilla/5.0 (X11; Ubuntu; Linux x86_64; rv:76.0) Gecko/20100101 Firefox/76.0"
::1 - - [29/May/2020:14:29:39 +0000] "GET /app/init.js HTTP/1.1" 304 - "http://localhost:8080/" "Mozilla/5.0 (X11; Ubuntu; Linux x86_64; rv:76.0) Gecko/20100101 Firefox/76.0"
::1 - - [29/May/2020:14:29:39 +0000] "GET /api/participants HTTP/1.1" 200 447 "http://localhost:8080/" "Mozilla/5.0 (X11; Ubuntu; Linux x86_64; rv:76.0) Gecko/20100101 Firefox/76.0"
::1 - - [29/May/2020:14:29:46 +0000] "POST /api/participants HTTP/1.1" 200 9 "http://localhost:8080/" "Mozilla/5.0 (X11; Ubuntu; Linux x86_64; rv:76.0) Gecko/20100101 Firefox/76.0"
::1 - - [29/May/2020:14:33:17 +0000] "GET / HTTP/1.1" 200 3964 "-" "Mozilla/5.0 (X11; Ubuntu; Linux x86_64; rv:76.0) Gecko/20100101 Firefox/76.0"
::1 - - [29/May/2020:14:33:17 +0000] "GET /style.css HTTP/1.1" 304 - "http://localhost:8080/" "Mozilla/5.0 (X11; Ubuntu; Linux x86_64; rv:76.0) Gecko/20100101 Firefox/76.0"
::1 - - [29/May/2020:14:33:17 +0000] "GET /app/init.js HTTP/1.1" 304 - "http://localhost:8080/" "Mozilla/5.0 (X11; Ubuntu; Linux x86_64; rv:76.0) Gecko/20100101 Firefox/76.0"
::1 - - [29/May/2020:14:33:17 +0000] "GET /api/participants HTTP/1.1" 200 457 "http://localhost:8080/" "Mozilla/5.0 (X11; Ubuntu; Linux x86_64; rv:76.0) Gecko/20100101 Firefox/76.0"
::1 - - [29/May/2020:14:33:36 +0000] "GET / HTTP/1.1" 304 - "-" "Mozilla/5.0 (X11; Ubuntu; Linux x86_64; rv:76.0) Gecko/20100101 Firefox/76.0"
::1 - - [29/May/2020:14:33:36 +0000] "GET /style.css HTTP/1.1" 304 - "http://localhost:8080/" "Mozilla/5.0 (X11; Ubuntu; Linux x86_64; rv:76.0) Gecko/20100101 Firefox/76.0"
::1 - - [29/May/2020:14:33:36 +0000] "GET /app/init.js HTTP/1.1" 304 - "http://localhost:8080/" "Mozilla/5.0 (X11; Ubuntu; Linux x86_64; rv:76.0) Gecko/20100101 Firefox/76.0"
::1 - - [29/May/2020:14:33:36 +0000] "GET /api/participants HTTP/1.1" 200 447 "http://localhost:8080/" "Mozilla/5.0 (X11; Ubuntu; Linux x86_64; rv:76.0) Gecko/20100101 Firefox/76.0"
::1 - - [29/May/2020:14:35:30 +0000] "GET / HTTP/1.1" 200 4195 "-" "Mozilla/5.0 (X11; Ubuntu; Linux x86_64; rv:76.0) Gecko/20100101 Firefox/76.0"
::1 - - [29/May/2020:14:35:31 +0000] "GET /style.css HTTP/1.1" 304 - "http://localhost:8080/" "Mozilla/5.0 (X11; Ubuntu; Linux x86_64; rv:76.0) Gecko/20100101 Firefox/76.0"
::1 - - [29/May/2020:14:35:31 +0000] "GET /app/init.js HTTP/1.1" 304 - "http://localhost:8080/" "Mozilla/5.0 (X11; Ubuntu; Linux x86_64; rv:76.0) Gecko/20100101 Firefox/76.0"
::1 - - [29/May/2020:14:35:31 +0000] "GET /api/participants HTTP/1.1" 304 - "http://localhost:8080/" "Mozilla/5.0 (X11; Ubuntu; Linux x86_64; rv:76.0) Gecko/20100101 Firefox/76.0"
::1 - - [29/May/2020:14:36:16 +0000] "POST /api/participants HTTP/1.1" 200 9 "http://localhost:8080/" "Mozilla/5.0 (X11; Ubuntu; Linux x86_64; rv:76.0) Gecko/20100101 Firefox/76.0"
::1 - - [29/May/2020:14:36:23 +0000] "POST /api/participants HTTP/1.1" 200 9 "http://localhost:8080/" "Mozilla/5.0 (X11; Ubuntu; Linux x86_64; rv:76.0) Gecko/20100101 Firefox/76.0"
::1 - - [29/May/2020:14:37:17 +0000] "GET / HTTP/1.1" 200 4823 "-" "Mozilla/5.0 (X11; Ubuntu; Linux x86_64; rv:76.0) Gecko/20100101 Firefox/76.0"
::1 - - [29/May/2020:14:37:17 +0000] "GET /style.css HTTP/1.1" 200 116 "http://localhost:8080/" "Mozilla/5.0 (X11; Ubuntu; Linux x86_64; rv:76.0) Gecko/20100101 Firefox/76.0"
::1 - - [29/May/2020:14:37:17 +0000] "GET /app/init.js HTTP/1.1" 200 991 "http://localhost:8080/" "Mozilla/5.0 (X11; Ubuntu; Linux x86_64; rv:76.0) Gecko/20100101 Firefox/76.0"
::1 - - [29/May/2020:14:37:17 +0000] "GET /api/participants HTTP/1.1" 200 467 "http://localhost:8080/" "Mozilla/5.0 (X11; Ubuntu; Linux x86_64; rv:76.0) Gecko/20100101 Firefox/76.0"
::1 - - [29/May/2020:14:37:26 +0000] "POST /api/participants HTTP/1.1" 200 9 "http://localhost:8080/" "Mozilla/5.0 (X11; Ubuntu; Linux x86_64; rv:76.0) Gecko/20100101 Firefox/76.0"
::1 - - [29/May/2020:14:37:57 +0000] "GET / HTTP/1.1" 304 - "-" "Mozilla/5.0 (X11; Ubuntu; Linux x86_64; rv:76.0) Gecko/20100101 Firefox/76.0"
::1 - - [29/May/2020:14:37:57 +0000] "GET /style.css HTTP/1.1" 304 - "http://localhost:8080/" "Mozilla/5.0 (X11; Ubuntu; Linux x86_64; rv:76.0) Gecko/20100101 Firefox/76.0"
::1 - - [29/May/2020:14:37:57 +0000] "GET /app/init.js HTTP/1.1" 304 - "http://localhost:8080/" "Mozilla/5.0 (X11; Ubuntu; Linux x86_64; rv:76.0) Gecko/20100101 Firefox/76.0"
::1 - - [29/May/2020:14:37:57 +0000] "GET /api/participants HTTP/1.1" 200 447 "http://localhost:8080/" "Mozilla/5.0 (X11; Ubuntu; Linux x86_64; rv:76.0) Gecko/20100101 Firefox/76.0"
::1 - - [29/May/2020:14:38:07 +0000] "POST /api/participants/delete HTTP/1.1" 404 163 "http://localhost:8080/" "Mozilla/5.0 (X11; Ubuntu; Linux x86_64; rv:76.0) Gecko/20100101 Firefox/76.0"
::1 - - [29/May/2020:14:38:28 +0000] "POST /api/participants/delete HTTP/1.1" 404 163 "http://localhost:8080/" "Mozilla/5.0 (X11; Ubuntu; Linux x86_64; rv:76.0) Gecko/20100101 Firefox/76.0"
::1 - - [29/May/2020:14:39:10 +0000] "GET / HTTP/1.1" 304 - "-" "Mozilla/5.0 (X11; Ubuntu; Linux x86_64; rv:76.0) Gecko/20100101 Firefox/76.0"
::1 - - [29/May/2020:14:39:10 +0000] "GET /style.css HTTP/1.1" 200 116 "http://localhost:8080/" "Mozilla/5.0 (X11; Ubuntu; Linux x86_64; rv:76.0) Gecko/20100101 Firefox/76.0"
::1 - - [29/May/2020:14:39:10 +0000] "GET /app/init.js HTTP/1.1" 200 991 "http://localhost:8080/" "Mozilla/5.0 (X11; Ubuntu; Linux x86_64; rv:76.0) Gecko/20100101 Firefox/76.0"
::1 - - [29/May/2020:14:39:10 +0000] "GET /api/participants HTTP/1.1" 304 - "http://localhost:8080/" "Mozilla/5.0 (X11; Ubuntu; Linux x86_64; rv:76.0) Gecko/20100101 Firefox/76.0"
::1 - - [29/May/2020:14:39:18 +0000] "POST /api/participants/delete HTTP/1.1" 404 163 "http://localhost:8080/" "Mozilla/5.0 (X11; Ubuntu; Linux x86_64; rv:76.0) Gecko/20100101 Firefox/76.0"
::1 - - [29/May/2020:14:39:58 +0000] "GET / HTTP/1.1" 304 - "-" "Mozilla/5.0 (X11; Ubuntu; Linux x86_64; rv:76.0) Gecko/20100101 Firefox/76.0"
::1 - - [29/May/2020:14:39:58 +0000] "GET /style.css HTTP/1.1" 304 - "http://localhost:8080/" "Mozilla/5.0 (X11; Ubuntu; Linux x86_64; rv:76.0) Gecko/20100101 Firefox/76.0"
::1 - - [29/May/2020:14:39:58 +0000] "GET /app/init.js HTTP/1.1" 304 - "http://localhost:8080/" "Mozilla/5.0 (X11; Ubuntu; Linux x86_64; rv:76.0) Gecko/20100101 Firefox/76.0"
::1 - - [29/May/2020:14:39:58 +0000] "GET /api/participants HTTP/1.1" 304 - "http://localhost:8080/" "Mozilla/5.0 (X11; Ubuntu; Linux x86_64; rv:76.0) Gecko/20100101 Firefox/76.0"
::1 - - [29/May/2020:14:40:05 +0000] "POST /api/participants/delete HTTP/1.1" 200 22 "http://localhost:8080/" "Mozilla/5.0 (X11; Ubuntu; Linux x86_64; rv:76.0) Gecko/20100101 Firefox/76.0"
::1 - - [29/May/2020:14:40:26 +0000] "POST /api/participants/delete HTTP/1.1" 200 22 "http://localhost:8080/" "Mozilla/5.0 (X11; Ubuntu; Linux x86_64; rv:76.0) Gecko/20100101 Firefox/76.0"
::1 - - [29/May/2020:14:41:06 +0000] "GET / HTTP/1.1" 304 - "-" "Mozilla/5.0 (X11; Ubuntu; Linux x86_64; rv:76.0) Gecko/20100101 Firefox/76.0"
::1 - - [29/May/2020:14:41:07 +0000] "GET /style.css HTTP/1.1" 200 116 "http://localhost:8080/" "Mozilla/5.0 (X11; Ubuntu; Linux x86_64; rv:76.0) Gecko/20100101 Firefox/76.0"
::1 - - [29/May/2020:14:41:07 +0000] "GET /app/init.js HTTP/1.1" 200 991 "http://localhost:8080/" "Mozilla/5.0 (X11; Ubuntu; Linux x86_64; rv:76.0) Gecko/20100101 Firefox/76.0"
::1 - - [29/May/2020:14:41:07 +0000] "GET /api/participants HTTP/1.1" 304 - "http://localhost:8080/" "Mozilla/5.0 (X11; Ubuntu; Linux x86_64; rv:76.0) Gecko/20100101 Firefox/76.0"
::1 - - [29/May/2020:14:41:13 +0000] "POST /api/participants/delete HTTP/1.1" 200 22 "http://localhost:8080/" "Mozilla/5.0 (X11; Ubuntu; Linux x86_64; rv:76.0) Gecko/20100101 Firefox/76.0"
::1 - - [29/May/2020:14:42:17 +0000] "GET / HTTP/1.1" 304 - "-" "Mozilla/5.0 (X11; Ubuntu; Linux x86_64; rv:76.0) Gecko/20100101 Firefox/76.0"
::1 - - [29/May/2020:14:42:17 +0000] "GET /style.css HTTP/1.1" 304 - "http://localhost:8080/" "Mozilla/5.0 (X11; Ubuntu; Linux x86_64; rv:76.0) Gecko/20100101 Firefox/76.0"
::1 - - [29/May/2020:14:42:17 +0000] "GET /app/init.js HTTP/1.1" 304 - "http://localhost:8080/" "Mozilla/5.0 (X11; Ubuntu; Linux x86_64; rv:76.0) Gecko/20100101 Firefox/76.0"
::1 - - [29/May/2020:14:42:18 +0000] "GET /api/participants HTTP/1.1" 304 - "http://localhost:8080/" "Mozilla/5.0 (X11; Ubuntu; Linux x86_64; rv:76.0) Gecko/20100101 Firefox/76.0"
::1 - - [29/May/2020:14:42:21 +0000] "POST /api/participants/delete HTTP/1.1" 200 22 "http://localhost:8080/" "Mozilla/5.0 (X11; Ubuntu; Linux x86_64; rv:76.0) Gecko/20100101 Firefox/76.0"
::1 - - [29/May/2020:14:42:34 +0000] "GET / HTTP/1.1" 304 - "-" "Mozilla/5.0 (X11; Ubuntu; Linux x86_64; rv:76.0) Gecko/20100101 Firefox/76.0"
::1 - - [29/May/2020:14:42:34 +0000] "GET /style.css HTTP/1.1" 304 - "http://localhost:8080/" "Mozilla/5.0 (X11; Ubuntu; Linux x86_64; rv:76.0) Gecko/20100101 Firefox/76.0"
::1 - - [29/May/2020:14:42:34 +0000] "GET /app/init.js HTTP/1.1" 304 - "http://localhost:8080/" "Mozilla/5.0 (X11; Ubuntu; Linux x86_64; rv:76.0) Gecko/20100101 Firefox/76.0"
::1 - - [29/May/2020:14:42:34 +0000] "GET /api/participants HTTP/1.1" 304 - "http://localhost:8080/" "Mozilla/5.0 (X11; Ubuntu; Linux x86_64; rv:76.0) Gecko/20100101 Firefox/76.0"
::1 - - [29/May/2020:14:42:36 +0000] "POST /api/participants HTTP/1.1" 200 9 "http://localhost:8080/" "Mozilla/5.0 (X11; Ubuntu; Linux x86_64; rv:76.0) Gecko/20100101 Firefox/76.0"
::1 - - [29/May/2020:14:43:00 +0000] "GET / HTTP/1.1" 200 4823 "-" "Mozilla/5.0 (X11; Linux x86_64) AppleWebKit/537.36 (KHTML, like Gecko) Chrome/81.0.4044.138 Safari/537.36"
::1 - - [29/May/2020:14:43:00 +0000] "GET /style.css HTTP/1.1" 200 116 "http://localhost:8080/" "Mozilla/5.0 (X11; Linux x86_64) AppleWebKit/537.36 (KHTML, like Gecko) Chrome/81.0.4044.138 Safari/537.36"
::1 - - [29/May/2020:14:43:00 +0000] "GET /app/init.js HTTP/1.1" 200 991 "http://localhost:8080/" "Mozilla/5.0 (X11; Linux x86_64) AppleWebKit/537.36 (KHTML, like Gecko) Chrome/81.0.4044.138 Safari/537.36"
::1 - - [29/May/2020:14:43:01 +0000] "GET /api/participants HTTP/1.1" 200 457 "http://localhost:8080/" "Mozilla/5.0 (X11; Linux x86_64) AppleWebKit/537.36 (KHTML, like Gecko) Chrome/81.0.4044.138 Safari/537.36"
::1 - - [29/May/2020:14:43:01 +0000] "GET /favicon.ico HTTP/1.1" 404 150 "http://localhost:8080/" "Mozilla/5.0 (X11; Linux x86_64) AppleWebKit/537.36 (KHTML, like Gecko) Chrome/81.0.4044.138 Safari/537.36"
::1 - - [29/May/2020:14:43:15 +0000] "GET / HTTP/1.1" 304 - "-" "Mozilla/5.0 (X11; Linux x86_64) AppleWebKit/537.36 (KHTML, like Gecko) Chrome/81.0.4044.138 Safari/537.36"
::1 - - [29/May/2020:14:43:16 +0000] "GET /style.css HTTP/1.1" 304 - "http://localhost:8080/" "Mozilla/5.0 (X11; Linux x86_64) AppleWebKit/537.36 (KHTML, like Gecko) Chrome/81.0.4044.138 Safari/537.36"
::1 - - [29/May/2020:14:43:16 +0000] "GET /app/init.js HTTP/1.1" 304 - "http://localhost:8080/" "Mozilla/5.0 (X11; Linux x86_64) AppleWebKit/537.36 (KHTML, like Gecko) Chrome/81.0.4044.138 Safari/537.36"
::1 - - [29/May/2020:14:43:16 +0000] "GET /api/participants HTTP/1.1" 200 447 "http://localhost:8080/" "Mozilla/5.0 (X11; Linux x86_64) AppleWebKit/537.36 (KHTML, like Gecko) Chrome/81.0.4044.138 Safari/537.36"
::1 - - [29/May/2020:14:43:23 +0000] "POST /api/participants/delete HTTP/1.1" 200 22 "http://localhost:8080/" "Mozilla/5.0 (X11; Linux x86_64) AppleWebKit/537.36 (KHTML, like Gecko) Chrome/81.0.4044.138 Safari/537.36"
::1 - - [29/May/2020:14:43:31 +0000] "POST /api/participants HTTP/1.1" 200 9 "http://localhost:8080/" "Mozilla/5.0 (X11; Linux x86_64) AppleWebKit/537.36 (KHTML, like Gecko) Chrome/81.0.4044.138 Safari/537.36"
::1 - - [29/May/2020:21:00:59 +0000] "GET / HTTP/1.1" 200 5179 "-" "Mozilla/5.0 (X11; Ubuntu; Linux x86_64; rv:76.0) Gecko/20100101 Firefox/76.0"
::1 - - [29/May/2020:21:01:00 +0000] "GET /style.css HTTP/1.1" 200 116 "http://localhost:8080/" "Mozilla/5.0 (X11; Ubuntu; Linux x86_64; rv:76.0) Gecko/20100101 Firefox/76.0"
::1 - - [29/May/2020:21:01:00 +0000] "GET /app/init.js HTTP/1.1" 200 991 "http://localhost:8080/" "Mozilla/5.0 (X11; Ubuntu; Linux x86_64; rv:76.0) Gecko/20100101 Firefox/76.0"
::1 - - [29/May/2020:21:01:00 +0000] "GET /api/participants HTTP/1.1" 200 457 "http://localhost:8080/" "Mozilla/5.0 (X11; Ubuntu; Linux x86_64; rv:76.0) Gecko/20100101 Firefox/76.0"
::1 - - [29/May/2020:21:01:07 +0000] "POST /api/participants HTTP/1.1" 200 9 "http://localhost:8080/" "Mozilla/5.0 (X11; Ubuntu; Linux x86_64; rv:76.0) Gecko/20100101 Firefox/76.0"
::1 - - [29/May/2020:21:02:07 +0000] "POST /api/participants HTTP/1.1" 200 9 "http://localhost:8080/" "Mozilla/5.0 (X11; Ubuntu; Linux x86_64; rv:76.0) Gecko/20100101 Firefox/76.0"
::1 - - [29/May/2020:21:06:40 +0000] "GET / HTTP/1.1" 304 - "-" "Mozilla/5.0 (X11; Ubuntu; Linux x86_64; rv:76.0) Gecko/20100101 Firefox/76.0"
::1 - - [29/May/2020:21:06:41 +0000] "GET /style.css HTTP/1.1" 304 - "http://localhost:8080/" "Mozilla/5.0 (X11; Ubuntu; Linux x86_64; rv:76.0) Gecko/20100101 Firefox/76.0"
::1 - - [29/May/2020:21:06:41 +0000] "GET /app/init.js HTTP/1.1" 200 991 "http://localhost:8080/" "Mozilla/5.0 (X11; Ubuntu; Linux x86_64; rv:76.0) Gecko/20100101 Firefox/76.0"
::1 - - [29/May/2020:21:06:41 +0000] "GET /api/participants HTTP/1.1" 200 477 "http://localhost:8080/" "Mozilla/5.0 (X11; Ubuntu; Linux x86_64; rv:76.0) Gecko/20100101 Firefox/76.0"
::1 - - [29/May/2020:21:06:46 +0000] "POST /api/participants HTTP/1.1" 200 9 "http://localhost:8080/" "Mozilla/5.0 (X11; Ubuntu; Linux x86_64; rv:76.0) Gecko/20100101 Firefox/76.0"
::1 - - [29/May/2020:21:12:30 +0000] "GET / HTTP/1.1" 304 - "-" "Mozilla/5.0 (X11; Ubuntu; Linux x86_64; rv:76.0) Gecko/20100101 Firefox/76.0"
::1 - - [29/May/2020:21:12:30 +0000] "GET /style.css HTTP/1.1" 304 - "http://localhost:8080/" "Mozilla/5.0 (X11; Ubuntu; Linux x86_64; rv:76.0) Gecko/20100101 Firefox/76.0"
::1 - - [29/May/2020:21:12:30 +0000] "GET /app/init.js HTTP/1.1" 304 - "http://localhost:8080/" "Mozilla/5.0 (X11; Ubuntu; Linux x86_64; rv:76.0) Gecko/20100101 Firefox/76.0"
::1 - - [29/May/2020:21:12:31 +0000] "GET /api/participants HTTP/1.1" 404 - "http://localhost:8080/" "Mozilla/5.0 (X11; Ubuntu; Linux x86_64; rv:76.0) Gecko/20100101 Firefox/76.0"
::1 - - [29/May/2020:21:12:38 +0000] "POST /api/participants HTTP/1.1" 404 - "http://localhost:8080/" "Mozilla/5.0 (X11; Ubuntu; Linux x86_64; rv:76.0) Gecko/20100101 Firefox/76.0"
::1 - - [29/May/2020:21:13:18 +0000] "GET / HTTP/1.1" 304 - "-" "Mozilla/5.0 (X11; Ubuntu; Linux x86_64; rv:76.0) Gecko/20100101 Firefox/76.0"
::1 - - [29/May/2020:21:13:18 +0000] "GET /style.css HTTP/1.1" 304 - "http://localhost:8080/" "Mozilla/5.0 (X11; Ubuntu; Linux x86_64; rv:76.0) Gecko/20100101 Firefox/76.0"
::1 - - [29/May/2020:21:13:18 +0000] "GET /app/init.js HTTP/1.1" 304 - "http://localhost:8080/" "Mozilla/5.0 (X11; Ubuntu; Linux x86_64; rv:76.0) Gecko/20100101 Firefox/76.0"
::1 - - [29/May/2020:21:13:18 +0000] "GET /api/participants HTTP/1.1" 404 - "http://localhost:8080/" "Mozilla/5.0 (X11; Ubuntu; Linux x86_64; rv:76.0) Gecko/20100101 Firefox/76.0"
::1 - - [29/May/2020:21:13:21 +0000] "POST /api/participants HTTP/1.1" 404 - "http://localhost:8080/" "Mozilla/5.0 (X11; Ubuntu; Linux x86_64; rv:76.0) Gecko/20100101 Firefox/76.0"
::1 - - [29/May/2020:21:14:41 +0000] "GET / HTTP/1.1" 304 - "-" "Mozilla/5.0 (X11; Ubuntu; Linux x86_64; rv:76.0) Gecko/20100101 Firefox/76.0"
::1 - - [29/May/2020:21:14:42 +0000] "GET /style.css HTTP/1.1" 304 - "http://localhost:8080/" "Mozilla/5.0 (X11; Ubuntu; Linux x86_64; rv:76.0) Gecko/20100101 Firefox/76.0"
::1 - - [29/May/2020:21:14:42 +0000] "GET /app/init.js HTTP/1.1" 304 - "http://localhost:8080/" "Mozilla/5.0 (X11; Ubuntu; Linux x86_64; rv:76.0) Gecko/20100101 Firefox/76.0"
::1 - - [29/May/2020:21:14:42 +0000] "GET /api/participants HTTP/1.1" 404 - "http://localhost:8080/" "Mozilla/5.0 (X11; Ubuntu; Linux x86_64; rv:76.0) Gecko/20100101 Firefox/76.0"
::1 - - [29/May/2020:21:14:47 +0000] "POST /api/participants HTTP/1.1" 404 - "http://localhost:8080/" "Mozilla/5.0 (X11; Ubuntu; Linux x86_64; rv:76.0) Gecko/20100101 Firefox/76.0"
::1 - - [29/May/2020:21:16:17 +0000] "GET / HTTP/1.1" 304 - "-" "Mozilla/5.0 (X11; Ubuntu; Linux x86_64; rv:76.0) Gecko/20100101 Firefox/76.0"
::1 - - [29/May/2020:21:16:17 +0000] "GET /style.css HTTP/1.1" 304 - "http://localhost:8080/" "Mozilla/5.0 (X11; Ubuntu; Linux x86_64; rv:76.0) Gecko/20100101 Firefox/76.0"
::1 - - [29/May/2020:21:16:17 +0000] "GET /app/init.js HTTP/1.1" 304 - "http://localhost:8080/" "Mozilla/5.0 (X11; Ubuntu; Linux x86_64; rv:76.0) Gecko/20100101 Firefox/76.0"
::1 - - [29/May/2020:21:16:17 +0000] "GET /api/participants HTTP/1.1" 200 - "http://localhost:8080/" "Mozilla/5.0 (X11; Ubuntu; Linux x86_64; rv:76.0) Gecko/20100101 Firefox/76.0"
::1 - - [29/May/2020:21:18:46 +0000] "GET / HTTP/1.1" 304 - "-" "Mozilla/5.0 (X11; Ubuntu; Linux x86_64; rv:76.0) Gecko/20100101 Firefox/76.0"
::1 - - [29/May/2020:21:18:47 +0000] "GET /style.css HTTP/1.1" 304 - "http://localhost:8080/" "Mozilla/5.0 (X11; Ubuntu; Linux x86_64; rv:76.0) Gecko/20100101 Firefox/76.0"
::1 - - [29/May/2020:21:18:47 +0000] "GET /app/init.js HTTP/1.1" 304 - "http://localhost:8080/" "Mozilla/5.0 (X11; Ubuntu; Linux x86_64; rv:76.0) Gecko/20100101 Firefox/76.0"
::1 - - [29/May/2020:21:18:47 +0000] "GET /api/participants HTTP/1.1" 200 447 "http://localhost:8080/" "Mozilla/5.0 (X11; Ubuntu; Linux x86_64; rv:76.0) Gecko/20100101 Firefox/76.0"
::1 - - [29/May/2020:21:18:55 +0000] "POST /api/participants HTTP/1.1" 200 9 "http://localhost:8080/" "Mozilla/5.0 (X11; Ubuntu; Linux x86_64; rv:76.0) Gecko/20100101 Firefox/76.0"
::1 - - [29/May/2020:21:22:02 +0000] "GET / HTTP/1.1" 200 5179 "-" "PostmanRuntime/7.24.1"
::1 - - [29/May/2020:21:22:20 +0000] "GET / HTTP/1.1" 304 - "-" "Mozilla/5.0 (X11; Ubuntu; Linux x86_64; rv:76.0) Gecko/20100101 Firefox/76.0"
::1 - - [29/May/2020:21:22:20 +0000] "GET /style.css HTTP/1.1" 304 - "http://localhost:8080/" "Mozilla/5.0 (X11; Ubuntu; Linux x86_64; rv:76.0) Gecko/20100101 Firefox/76.0"
::1 - - [29/May/2020:21:22:21 +0000] "GET /app/init.js HTTP/1.1" 304 - "http://localhost:8080/" "Mozilla/5.0 (X11; Ubuntu; Linux x86_64; rv:76.0) Gecko/20100101 Firefox/76.0"
::1 - - [29/May/2020:21:22:21 +0000] "GET /api/participants HTTP/1.1" 200 457 "http://localhost:8080/" "Mozilla/5.0 (X11; Ubuntu; Linux x86_64; rv:76.0) Gecko/20100101 Firefox/76.0"
::1 - - [29/May/2020:21:22:21 +0000] "GET /favicon.ico HTTP/1.1" 404 150 "-" "Mozilla/5.0 (X11; Ubuntu; Linux x86_64; rv:76.0) Gecko/20100101 Firefox/76.0"
::1 - - [29/May/2020:21:22:26 +0000] "GET / HTTP/1.1" 200 5179 "-" "PostmanRuntime/7.24.1"
::1 - - [29/May/2020:21:22:44 +0000] "GET /api/participants HTTP/1.1" 200 457 "-" "PostmanRuntime/7.24.1"
::1 - - [29/May/2020:21:23:05 +0000] "POST /api/participants/delete HTTP/1.1" 200 22 "http://localhost:8080/" "Mozilla/5.0 (X11; Ubuntu; Linux x86_64; rv:76.0) Gecko/20100101 Firefox/76.0"
::1 - - [29/May/2020:21:26:07 +0000] "GET / HTTP/1.1" 304 - "-" "Mozilla/5.0 (X11; Ubuntu; Linux x86_64; rv:76.0) Gecko/20100101 Firefox/76.0"
::1 - - [29/May/2020:21:26:07 +0000] "GET /style.css HTTP/1.1" 304 - "http://localhost:8080/" "Mozilla/5.0 (X11; Ubuntu; Linux x86_64; rv:76.0) Gecko/20100101 Firefox/76.0"
::1 - - [29/May/2020:21:26:07 +0000] "GET /app/init.js HTTP/1.1" 200 912 "http://localhost:8080/" "Mozilla/5.0 (X11; Ubuntu; Linux x86_64; rv:76.0) Gecko/20100101 Firefox/76.0"
::1 - - [29/May/2020:21:26:07 +0000] "GET /api/participants HTTP/1.1" 304 - "http://localhost:8080/" "Mozilla/5.0 (X11; Ubuntu; Linux x86_64; rv:76.0) Gecko/20100101 Firefox/76.0"
::1 - - [29/May/2020:21:26:12 +0000] "POST /api/participants HTTP/1.1" 200 9 "http://localhost:8080/" "Mozilla/5.0 (X11; Ubuntu; Linux x86_64; rv:76.0) Gecko/20100101 Firefox/76.0"
::1 - - [29/May/2020:21:28:14 +0000] "GET / HTTP/1.1" 304 - "-" "Mozilla/5.0 (X11; Ubuntu; Linux x86_64; rv:76.0) Gecko/20100101 Firefox/76.0"
::1 - - [29/May/2020:21:28:14 +0000] "GET /style.css HTTP/1.1" 200 116 "http://localhost:8080/" "Mozilla/5.0 (X11; Ubuntu; Linux x86_64; rv:76.0) Gecko/20100101 Firefox/76.0"
::1 - - [29/May/2020:21:28:14 +0000] "GET /app/init.js HTTP/1.1" 200 992 "http://localhost:8080/" "Mozilla/5.0 (X11; Ubuntu; Linux x86_64; rv:76.0) Gecko/20100101 Firefox/76.0"
::1 - - [29/May/2020:21:28:14 +0000] "GET /favicon.ico HTTP/1.1" 404 150 "-" "Mozilla/5.0 (X11; Ubuntu; Linux x86_64; rv:76.0) Gecko/20100101 Firefox/76.0"
::1 - - [29/May/2020:21:28:15 +0000] "GET /api/participants HTTP/1.1" 200 447 "http://localhost:8080/" "Mozilla/5.0 (X11; Ubuntu; Linux x86_64; rv:76.0) Gecko/20100101 Firefox/76.0"
::1 - - [29/May/2020:21:28:21 +0000] "POST /api/participants HTTP/1.1" 200 9 "http://localhost:8080/" "Mozilla/5.0 (X11; Ubuntu; Linux x86_64; rv:76.0) Gecko/20100101 Firefox/76.0"
::1 - - [30/May/2020:06:53:10 +0000] "GET / HTTP/1.1" 200 6226 "-" "Mozilla/5.0 (X11; Ubuntu; Linux x86_64; rv:76.0) Gecko/20100101 Firefox/76.0"
::1 - - [30/May/2020:06:53:11 +0000] "GET /style.css HTTP/1.1" 200 116 "http://localhost:8080/" "Mozilla/5.0 (X11; Ubuntu; Linux x86_64; rv:76.0) Gecko/20100101 Firefox/76.0"
::1 - - [30/May/2020:06:53:11 +0000] "GET /app/init.js HTTP/1.1" 200 1026 "http://localhost:8080/" "Mozilla/5.0 (X11; Ubuntu; Linux x86_64; rv:76.0) Gecko/20100101 Firefox/76.0"
::1 - - [30/May/2020:06:53:11 +0000] "GET /favicon.ico HTTP/1.1" 404 150 "-" "Mozilla/5.0 (X11; Ubuntu; Linux x86_64; rv:76.0) Gecko/20100101 Firefox/76.0"
::1 - - [30/May/2020:06:53:11 +0000] "GET /api/participants HTTP/1.1" 200 446 "http://localhost:8080/" "Mozilla/5.0 (X11; Ubuntu; Linux x86_64; rv:76.0) Gecko/20100101 Firefox/76.0"
::1 - - [30/May/2020:06:54:14 +0000] "GET / HTTP/1.1" 304 - "-" "Mozilla/5.0 (X11; Ubuntu; Linux x86_64; rv:76.0) Gecko/20100101 Firefox/76.0"
::1 - - [30/May/2020:06:54:14 +0000] "GET /style.css HTTP/1.1" 304 - "http://localhost:8080/" "Mozilla/5.0 (X11; Ubuntu; Linux x86_64; rv:76.0) Gecko/20100101 Firefox/76.0"
::1 - - [30/May/2020:06:54:14 +0000] "GET /app/init.js HTTP/1.1" 200 1028 "http://localhost:8080/" "Mozilla/5.0 (X11; Ubuntu; Linux x86_64; rv:76.0) Gecko/20100101 Firefox/76.0"
::1 - - [30/May/2020:06:54:15 +0000] "GET /api/participants HTTP/1.1" 304 - "http://localhost:8080/" "Mozilla/5.0 (X11; Ubuntu; Linux x86_64; rv:76.0) Gecko/20100101 Firefox/76.0"
::1 - - [30/May/2020:06:54:37 +0000] "GET / HTTP/1.1" 304 - "-" "Mozilla/5.0 (X11; Ubuntu; Linux x86_64; rv:76.0) Gecko/20100101 Firefox/76.0"
::1 - - [30/May/2020:06:54:37 +0000] "GET /style.css HTTP/1.1" 304 - "http://localhost:8080/" "Mozilla/5.0 (X11; Ubuntu; Linux x86_64; rv:76.0) Gecko/20100101 Firefox/76.0"
::1 - - [30/May/2020:06:54:37 +0000] "GET /app/init.js HTTP/1.1" 200 1026 "http://localhost:8080/" "Mozilla/5.0 (X11; Ubuntu; Linux x86_64; rv:76.0) Gecko/20100101 Firefox/76.0"
::1 - - [30/May/2020:06:54:38 +0000] "GET /api/participants HTTP/1.1" 304 - "http://localhost:8080/" "Mozilla/5.0 (X11; Ubuntu; Linux x86_64; rv:76.0) Gecko/20100101 Firefox/76.0"
::1 - - [30/May/2020:06:55:03 +0000] "GET / HTTP/1.1" 304 - "-" "Mozilla/5.0 (X11; Ubuntu; Linux x86_64; rv:76.0) Gecko/20100101 Firefox/76.0"
::1 - - [30/May/2020:06:55:03 +0000] "GET /style.css HTTP/1.1" 304 - "http://localhost:8080/" "Mozilla/5.0 (X11; Ubuntu; Linux x86_64; rv:76.0) Gecko/20100101 Firefox/76.0"
::1 - - [30/May/2020:06:55:03 +0000] "GET /app/init.js HTTP/1.1" 200 993 "http://localhost:8080/" "Mozilla/5.0 (X11; Ubuntu; Linux x86_64; rv:76.0) Gecko/20100101 Firefox/76.0"
::1 - - [30/May/2020:06:55:03 +0000] "GET /api/participants HTTP/1.1" 304 - "http://localhost:8080/" "Mozilla/5.0 (X11; Ubuntu; Linux x86_64; rv:76.0) Gecko/20100101 Firefox/76.0"
::1 - - [30/May/2020:06:55:23 +0000] "GET / HTTP/1.1" 304 - "-" "Mozilla/5.0 (X11; Ubuntu; Linux x86_64; rv:76.0) Gecko/20100101 Firefox/76.0"
::1 - - [30/May/2020:06:55:23 +0000] "GET /style.css HTTP/1.1" 304 - "http://localhost:8080/" "Mozilla/5.0 (X11; Ubuntu; Linux x86_64; rv:76.0) Gecko/20100101 Firefox/76.0"
::1 - - [30/May/2020:06:55:23 +0000] "GET /app/init.js HTTP/1.1" 200 953 "http://localhost:8080/" "Mozilla/5.0 (X11; Ubuntu; Linux x86_64; rv:76.0) Gecko/20100101 Firefox/76.0"
::1 - - [30/May/2020:06:55:24 +0000] "GET /api/participants HTTP/1.1" 304 - "http://localhost:8080/" "Mozilla/5.0 (X11; Ubuntu; Linux x86_64; rv:76.0) Gecko/20100101 Firefox/76.0"
::1 - - [30/May/2020:06:55:24 +0000] "GET /favicon.ico HTTP/1.1" 404 150 "-" "Mozilla/5.0 (X11; Ubuntu; Linux x86_64; rv:76.0) Gecko/20100101 Firefox/76.0"
::1 - - [30/May/2020:06:55:38 +0000] "GET / HTTP/1.1" 304 - "-" "Mozilla/5.0 (X11; Ubuntu; Linux x86_64; rv:76.0) Gecko/20100101 Firefox/76.0"
::1 - - [30/May/2020:06:55:38 +0000] "GET /style.css HTTP/1.1" 304 - "http://localhost:8080/" "Mozilla/5.0 (X11; Ubuntu; Linux x86_64; rv:76.0) Gecko/20100101 Firefox/76.0"
::1 - - [30/May/2020:06:55:39 +0000] "GET /app/init.js HTTP/1.1" 200 902 "http://localhost:8080/" "Mozilla/5.0 (X11; Ubuntu; Linux x86_64; rv:76.0) Gecko/20100101 Firefox/76.0"
::1 - - [30/May/2020:06:55:39 +0000] "GET /api/participants HTTP/1.1" 304 - "http://localhost:8080/" "Mozilla/5.0 (X11; Ubuntu; Linux x86_64; rv:76.0) Gecko/20100101 Firefox/76.0"
::1 - - [30/May/2020:06:56:01 +0000] "GET / HTTP/1.1" 304 - "-" "Mozilla/5.0 (X11; Ubuntu; Linux x86_64; rv:76.0) Gecko/20100101 Firefox/76.0"
::1 - - [30/May/2020:06:56:01 +0000] "GET /style.css HTTP/1.1" 304 - "http://localhost:8080/" "Mozilla/5.0 (X11; Ubuntu; Linux x86_64; rv:76.0) Gecko/20100101 Firefox/76.0"
::1 - - [30/May/2020:06:56:01 +0000] "GET /app/init.js HTTP/1.1" 200 868 "http://localhost:8080/" "Mozilla/5.0 (X11; Ubuntu; Linux x86_64; rv:76.0) Gecko/20100101 Firefox/76.0"
::1 - - [30/May/2020:06:56:01 +0000] "GET /api/participants HTTP/1.1" 304 - "http://localhost:8080/" "Mozilla/5.0 (X11; Ubuntu; Linux x86_64; rv:76.0) Gecko/20100101 Firefox/76.0"
::1 - - [30/May/2020:06:56:41 +0000] "GET / HTTP/1.1" 304 - "-" "Mozilla/5.0 (X11; Ubuntu; Linux x86_64; rv:76.0) Gecko/20100101 Firefox/76.0"
::1 - - [30/May/2020:06:56:42 +0000] "GET /style.css HTTP/1.1" 304 - "http://localhost:8080/" "Mozilla/5.0 (X11; Ubuntu; Linux x86_64; rv:76.0) Gecko/20100101 Firefox/76.0"
::1 - - [30/May/2020:06:56:42 +0000] "GET /app/init.js HTTP/1.1" 200 870 "http://localhost:8080/" "Mozilla/5.0 (X11; Ubuntu; Linux x86_64; rv:76.0) Gecko/20100101 Firefox/76.0"
::1 - - [30/May/2020:06:56:42 +0000] "GET /favicon.ico HTTP/1.1" 404 150 "-" "Mozilla/5.0 (X11; Ubuntu; Linux x86_64; rv:76.0) Gecko/20100101 Firefox/76.0"
::1 - - [30/May/2020:06:56:42 +0000] "GET /api/participants HTTP/1.1" 304 - "http://localhost:8080/" "Mozilla/5.0 (X11; Ubuntu; Linux x86_64; rv:76.0) Gecko/20100101 Firefox/76.0"
::1 - - [30/May/2020:06:57:02 +0000] "GET / HTTP/1.1" 304 - "-" "Mozilla/5.0 (X11; Ubuntu; Linux x86_64; rv:76.0) Gecko/20100101 Firefox/76.0"
::1 - - [30/May/2020:06:57:02 +0000] "GET /style.css HTTP/1.1" 200 116 "http://localhost:8080/" "Mozilla/5.0 (X11; Ubuntu; Linux x86_64; rv:76.0) Gecko/20100101 Firefox/76.0"
::1 - - [30/May/2020:06:57:02 +0000] "GET /app/init.js HTTP/1.1" 200 868 "http://localhost:8080/" "Mozilla/5.0 (X11; Ubuntu; Linux x86_64; rv:76.0) Gecko/20100101 Firefox/76.0"
::1 - - [30/May/2020:06:57:03 +0000] "GET /favicon.ico HTTP/1.1" 404 150 "-" "Mozilla/5.0 (X11; Ubuntu; Linux x86_64; rv:76.0) Gecko/20100101 Firefox/76.0"
::1 - - [30/May/2020:06:57:03 +0000] "GET /api/participants HTTP/1.1" 304 - "http://localhost:8080/" "Mozilla/5.0 (X11; Ubuntu; Linux x86_64; rv:76.0) Gecko/20100101 Firefox/76.0"
::1 - - [30/May/2020:06:57:11 +0000] "GET / HTTP/1.1" 304 - "-" "Mozilla/5.0 (X11; Ubuntu; Linux x86_64; rv:76.0) Gecko/20100101 Firefox/76.0"
::1 - - [30/May/2020:06:57:12 +0000] "GET /style.css HTTP/1.1" 304 - "http://localhost:8080/" "Mozilla/5.0 (X11; Ubuntu; Linux x86_64; rv:76.0) Gecko/20100101 Firefox/76.0"
::1 - - [30/May/2020:06:57:12 +0000] "GET /app/init.js HTTP/1.1" 200 870 "http://localhost:8080/" "Mozilla/5.0 (X11; Ubuntu; Linux x86_64; rv:76.0) Gecko/20100101 Firefox/76.0"
::1 - - [30/May/2020:06:57:12 +0000] "GET /favicon.ico HTTP/1.1" 404 150 "-" "Mozilla/5.0 (X11; Ubuntu; Linux x86_64; rv:76.0) Gecko/20100101 Firefox/76.0"
::1 - - [30/May/2020:06:57:12 +0000] "GET /api/participants HTTP/1.1" 304 - "http://localhost:8080/" "Mozilla/5.0 (X11; Ubuntu; Linux x86_64; rv:76.0) Gecko/20100101 Firefox/76.0"
::1 - - [30/May/2020:06:57:32 +0000] "GET / HTTP/1.1" 304 - "-" "Mozilla/5.0 (X11; Ubuntu; Linux x86_64; rv:76.0) Gecko/20100101 Firefox/76.0"
::1 - - [30/May/2020:06:57:32 +0000] "GET /style.css HTTP/1.1" 304 - "http://localhost:8080/" "Mozilla/5.0 (X11; Ubuntu; Linux x86_64; rv:76.0) Gecko/20100101 Firefox/76.0"
::1 - - [30/May/2020:06:57:32 +0000] "GET /app/init.js HTTP/1.1" 200 867 "http://localhost:8080/" "Mozilla/5.0 (X11; Ubuntu; Linux x86_64; rv:76.0) Gecko/20100101 Firefox/76.0"
::1 - - [30/May/2020:06:57:33 +0000] "GET /api/participants HTTP/1.1" 304 - "http://localhost:8080/" "Mozilla/5.0 (X11; Ubuntu; Linux x86_64; rv:76.0) Gecko/20100101 Firefox/76.0"
::1 - - [30/May/2020:06:57:56 +0000] "GET / HTTP/1.1" 304 - "-" "Mozilla/5.0 (X11; Ubuntu; Linux x86_64; rv:76.0) Gecko/20100101 Firefox/76.0"
::1 - - [30/May/2020:06:57:56 +0000] "GET /style.css HTTP/1.1" 304 - "http://localhost:8080/" "Mozilla/5.0 (X11; Ubuntu; Linux x86_64; rv:76.0) Gecko/20100101 Firefox/76.0"
::1 - - [30/May/2020:06:57:56 +0000] "GET /app/init.js HTTP/1.1" 200 867 "http://localhost:8080/" "Mozilla/5.0 (X11; Ubuntu; Linux x86_64; rv:76.0) Gecko/20100101 Firefox/76.0"
::1 - - [30/May/2020:06:57:56 +0000] "GET /favicon.ico HTTP/1.1" 404 150 "-" "Mozilla/5.0 (X11; Ubuntu; Linux x86_64; rv:76.0) Gecko/20100101 Firefox/76.0"
::1 - - [30/May/2020:06:57:56 +0000] "GET /api/participants HTTP/1.1" 304 - "http://localhost:8080/" "Mozilla/5.0 (X11; Ubuntu; Linux x86_64; rv:76.0) Gecko/20100101 Firefox/76.0"
::1 - - [30/May/2020:06:58:24 +0000] "GET / HTTP/1.1" 304 - "-" "Mozilla/5.0 (X11; Ubuntu; Linux x86_64; rv:76.0) Gecko/20100101 Firefox/76.0"
::1 - - [30/May/2020:06:58:24 +0000] "GET /style.css HTTP/1.1" 304 - "http://localhost:8080/" "Mozilla/5.0 (X11; Ubuntu; Linux x86_64; rv:76.0) Gecko/20100101 Firefox/76.0"
::1 - - [30/May/2020:06:58:24 +0000] "GET /app/init.js HTTP/1.1" 200 872 "http://localhost:8080/" "Mozilla/5.0 (X11; Ubuntu; Linux x86_64; rv:76.0) Gecko/20100101 Firefox/76.0"
::1 - - [30/May/2020:06:58:25 +0000] "GET /api/participants HTTP/1.1" 304 - "http://localhost:8080/" "Mozilla/5.0 (X11; Ubuntu; Linux x86_64; rv:76.0) Gecko/20100101 Firefox/76.0"
::1 - - [30/May/2020:06:58:40 +0000] "GET / HTTP/1.1" 304 - "-" "Mozilla/5.0 (X11; Ubuntu; Linux x86_64; rv:76.0) Gecko/20100101 Firefox/76.0"
::1 - - [30/May/2020:06:58:40 +0000] "GET /style.css HTTP/1.1" 304 - "http://localhost:8080/" "Mozilla/5.0 (X11; Ubuntu; Linux x86_64; rv:76.0) Gecko/20100101 Firefox/76.0"
::1 - - [30/May/2020:06:58:40 +0000] "GET /app/init.js HTTP/1.1" 200 867 "http://localhost:8080/" "Mozilla/5.0 (X11; Ubuntu; Linux x86_64; rv:76.0) Gecko/20100101 Firefox/76.0"
::1 - - [30/May/2020:06:58:40 +0000] "GET /api/participants HTTP/1.1" 304 - "http://localhost:8080/" "Mozilla/5.0 (X11; Ubuntu; Linux x86_64; rv:76.0) Gecko/20100101 Firefox/76.0"
::1 - - [30/May/2020:06:58:40 +0000] "GET /favicon.ico HTTP/1.1" 404 150 "-" "Mozilla/5.0 (X11; Ubuntu; Linux x86_64; rv:76.0) Gecko/20100101 Firefox/76.0"
::1 - - [30/May/2020:06:59:07 +0000] "GET / HTTP/1.1" 304 - "-" "Mozilla/5.0 (X11; Ubuntu; Linux x86_64; rv:76.0) Gecko/20100101 Firefox/76.0"
::1 - - [30/May/2020:06:59:07 +0000] "GET /style.css HTTP/1.1" 200 116 "http://localhost:8080/" "Mozilla/5.0 (X11; Ubuntu; Linux x86_64; rv:76.0) Gecko/20100101 Firefox/76.0"
::1 - - [30/May/2020:06:59:07 +0000] "GET /app/init.js HTTP/1.1" 200 869 "http://localhost:8080/" "Mozilla/5.0 (X11; Ubuntu; Linux x86_64; rv:76.0) Gecko/20100101 Firefox/76.0"
::1 - - [30/May/2020:06:59:07 +0000] "GET /api/participants HTTP/1.1" 304 - "http://localhost:8080/" "Mozilla/5.0 (X11; Ubuntu; Linux x86_64; rv:76.0) Gecko/20100101 Firefox/76.0"
::1 - - [30/May/2020:06:59:07 +0000] "GET /favicon.ico HTTP/1.1" 404 150 "-" "Mozilla/5.0 (X11; Ubuntu; Linux x86_64; rv:76.0) Gecko/20100101 Firefox/76.0"
::1 - - [30/May/2020:06:59:28 +0000] "POST /api/participants HTTP/1.1" 200 9 "http://localhost:8080/" "Mozilla/5.0 (X11; Ubuntu; Linux x86_64; rv:76.0) Gecko/20100101 Firefox/76.0"
::1 - - [30/May/2020:06:59:41 +0000] "POST /api/participants HTTP/1.1" 200 9 "http://localhost:8080/" "Mozilla/5.0 (X11; Ubuntu; Linux x86_64; rv:76.0) Gecko/20100101 Firefox/76.0"
::1 - - [30/May/2020:06:59:44 +0000] "GET /favicon.ico HTTP/1.1" 404 150 "-" "Mozilla/5.0 (X11; Ubuntu; Linux x86_64; rv:76.0) Gecko/20100101 Firefox/76.0"
::1 - - [30/May/2020:06:59:53 +0000] "POST /api/participants/view HTTP/1.1" 200 - "http://localhost:8080/" "Mozilla/5.0 (X11; Ubuntu; Linux x86_64; rv:76.0) Gecko/20100101 Firefox/76.0"
::1 - - [30/May/2020:06:59:56 +0000] "GET /favicon.ico HTTP/1.1" 404 150 "-" "Mozilla/5.0 (X11; Ubuntu; Linux x86_64; rv:76.0) Gecko/20100101 Firefox/76.0"
::1 - - [30/May/2020:07:00:07 +0000] "POST /api/participants/delete HTTP/1.1" 200 22 "http://localhost:8080/" "Mozilla/5.0 (X11; Ubuntu; Linux x86_64; rv:76.0) Gecko/20100101 Firefox/76.0"
::1 - - [30/May/2020:07:00:10 +0000] "GET /favicon.ico HTTP/1.1" 404 150 "-" "Mozilla/5.0 (X11; Ubuntu; Linux x86_64; rv:76.0) Gecko/20100101 Firefox/76.0"
::1 - - [30/May/2020:07:13:40 +0000] "GET / HTTP/1.1" 200 8983 "-" "Mozilla/5.0 (X11; Ubuntu; Linux x86_64; rv:76.0) Gecko/20100101 Firefox/76.0"
::1 - - [30/May/2020:07:13:40 +0000] "GET /style.css HTTP/1.1" 200 116 "http://localhost:8080/" "Mozilla/5.0 (X11; Ubuntu; Linux x86_64; rv:76.0) Gecko/20100101 Firefox/76.0"
::1 - - [30/May/2020:07:13:41 +0000] "GET /app/init.js HTTP/1.1" 200 869 "http://localhost:8080/" "Mozilla/5.0 (X11; Ubuntu; Linux x86_64; rv:76.0) Gecko/20100101 Firefox/76.0"
::1 - - [30/May/2020:07:13:41 +0000] "GET /api/participants HTTP/1.1" 200 446 "http://localhost:8080/" "Mozilla/5.0 (X11; Ubuntu; Linux x86_64; rv:76.0) Gecko/20100101 Firefox/76.0"
::1 - - [30/May/2020:07:16:28 +0000] "GET / HTTP/1.1" 200 8992 "-" "Mozilla/5.0 (X11; Ubuntu; Linux x86_64; rv:76.0) Gecko/20100101 Firefox/76.0"
::1 - - [30/May/2020:07:16:28 +0000] "GET /style.css HTTP/1.1" 304 - "http://localhost:8080/" "Mozilla/5.0 (X11; Ubuntu; Linux x86_64; rv:76.0) Gecko/20100101 Firefox/76.0"
::1 - - [30/May/2020:07:16:29 +0000] "GET /app/init.js HTTP/1.1" 304 - "http://localhost:8080/" "Mozilla/5.0 (X11; Ubuntu; Linux x86_64; rv:76.0) Gecko/20100101 Firefox/76.0"
::1 - - [30/May/2020:07:16:29 +0000] "GET /api/participants HTTP/1.1" 304 - "http://localhost:8080/" "Mozilla/5.0 (X11; Ubuntu; Linux x86_64; rv:76.0) Gecko/20100101 Firefox/76.0"
::1 - - [30/May/2020:07:16:38 +0000] "POST /api/participants HTTP/1.1" 200 9 "http://localhost:8080/" "Mozilla/5.0 (X11; Ubuntu; Linux x86_64; rv:76.0) Gecko/20100101 Firefox/76.0"
::1 - - [30/May/2020:07:18:09 +0000] "GET / HTTP/1.1" 200 8989 "-" "Mozilla/5.0 (X11; Ubuntu; Linux x86_64; rv:76.0) Gecko/20100101 Firefox/76.0"
::1 - - [30/May/2020:07:18:09 +0000] "GET /style.css HTTP/1.1" 304 - "http://localhost:8080/" "Mozilla/5.0 (X11; Ubuntu; Linux x86_64; rv:76.0) Gecko/20100101 Firefox/76.0"
::1 - - [30/May/2020:07:18:09 +0000] "GET /app/init.js HTTP/1.1" 304 - "http://localhost:8080/" "Mozilla/5.0 (X11; Ubuntu; Linux x86_64; rv:76.0) Gecko/20100101 Firefox/76.0"
::1 - - [30/May/2020:07:18:09 +0000] "GET /api/participants HTTP/1.1" 200 456 "http://localhost:8080/" "Mozilla/5.0 (X11; Ubuntu; Linux x86_64; rv:76.0) Gecko/20100101 Firefox/76.0"
::1 - - [30/May/2020:07:18:31 +0000] "GET / HTTP/1.1" 200 8989 "-" "Mozilla/5.0 (X11; Ubuntu; Linux x86_64; rv:76.0) Gecko/20100101 Firefox/76.0"
::1 - - [30/May/2020:07:18:31 +0000] "GET /style.css HTTP/1.1" 304 - "http://localhost:8080/" "Mozilla/5.0 (X11; Ubuntu; Linux x86_64; rv:76.0) Gecko/20100101 Firefox/76.0"
::1 - - [30/May/2020:07:18:31 +0000] "GET /app/init.js HTTP/1.1" 304 - "http://localhost:8080/" "Mozilla/5.0 (X11; Ubuntu; Linux x86_64; rv:76.0) Gecko/20100101 Firefox/76.0"
::1 - - [30/May/2020:07:18:32 +0000] "GET /api/participants HTTP/1.1" 304 - "http://localhost:8080/" "Mozilla/5.0 (X11; Ubuntu; Linux x86_64; rv:76.0) Gecko/20100101 Firefox/76.0"
::1 - - [30/May/2020:07:18:45 +0000] "GET / HTTP/1.1" 304 - "-" "Mozilla/5.0 (X11; Ubuntu; Linux x86_64; rv:76.0) Gecko/20100101 Firefox/76.0"
::1 - - [30/May/2020:07:18:45 +0000] "GET /style.css HTTP/1.1" 304 - "http://localhost:8080/" "Mozilla/5.0 (X11; Ubuntu; Linux x86_64; rv:76.0) Gecko/20100101 Firefox/76.0"
::1 - - [30/May/2020:07:18:45 +0000] "GET /app/init.js HTTP/1.1" 304 - "http://localhost:8080/" "Mozilla/5.0 (X11; Ubuntu; Linux x86_64; rv:76.0) Gecko/20100101 Firefox/76.0"
::1 - - [30/May/2020:07:18:45 +0000] "GET /api/participants HTTP/1.1" 200 446 "http://localhost:8080/" "Mozilla/5.0 (X11; Ubuntu; Linux x86_64; rv:76.0) Gecko/20100101 Firefox/76.0"
::1 - - [30/May/2020:07:24:00 +0000] "GET / HTTP/1.1" 200 8996 "-" "Mozilla/5.0 (X11; Ubuntu; Linux x86_64; rv:76.0) Gecko/20100101 Firefox/76.0"
::1 - - [30/May/2020:07:24:00 +0000] "GET /style.css HTTP/1.1" 304 - "http://localhost:8080/" "Mozilla/5.0 (X11; Ubuntu; Linux x86_64; rv:76.0) Gecko/20100101 Firefox/76.0"
::1 - - [30/May/2020:07:24:00 +0000] "GET /app/init.js HTTP/1.1" 304 - "http://localhost:8080/" "Mozilla/5.0 (X11; Ubuntu; Linux x86_64; rv:76.0) Gecko/20100101 Firefox/76.0"
::1 - - [30/May/2020:07:24:00 +0000] "GET /api/participants HTTP/1.1" 304 - "http://localhost:8080/" "Mozilla/5.0 (X11; Ubuntu; Linux x86_64; rv:76.0) Gecko/20100101 Firefox/76.0"
::1 - - [30/May/2020:07:25:45 +0000] "POST /api/participants/view HTTP/1.1" 200 - "http://localhost:8080/" "Mozilla/5.0 (X11; Ubuntu; Linux x86_64; rv:76.0) Gecko/20100101 Firefox/76.0"
::1 - - [30/May/2020:07:26:31 +0000] "GET / HTTP/1.1" 304 - "-" "Mozilla/5.0 (X11; Ubuntu; Linux x86_64; rv:76.0) Gecko/20100101 Firefox/76.0"
::1 - - [30/May/2020:07:26:31 +0000] "GET /style.css HTTP/1.1" 304 - "http://localhost:8080/" "Mozilla/5.0 (X11; Ubuntu; Linux x86_64; rv:76.0) Gecko/20100101 Firefox/76.0"
::1 - - [30/May/2020:07:26:31 +0000] "GET /app/init.js HTTP/1.1" 304 - "http://localhost:8080/" "Mozilla/5.0 (X11; Ubuntu; Linux x86_64; rv:76.0) Gecko/20100101 Firefox/76.0"
::1 - - [30/May/2020:07:26:32 +0000] "GET /api/participants HTTP/1.1" 304 - "http://localhost:8080/" "Mozilla/5.0 (X11; Ubuntu; Linux x86_64; rv:76.0) Gecko/20100101 Firefox/76.0"
::1 - - [30/May/2020:12:17:34 +0000] "GET / HTTP/1.1" 200 8951 "-" "Mozilla/5.0 (X11; Ubuntu; Linux x86_64; rv:76.0) Gecko/20100101 Firefox/76.0"
::1 - - [30/May/2020:12:17:34 +0000] "GET /style.css HTTP/1.1" 200 116 "http://localhost:8080/" "Mozilla/5.0 (X11; Ubuntu; Linux x86_64; rv:76.0) Gecko/20100101 Firefox/76.0"
::1 - - [30/May/2020:12:17:35 +0000] "GET /app/init.js HTTP/1.1" 200 869 "http://localhost:8080/" "Mozilla/5.0 (X11; Ubuntu; Linux x86_64; rv:76.0) Gecko/20100101 Firefox/76.0"
::1 - - [30/May/2020:12:17:35 +0000] "GET /favicon.ico HTTP/1.1" 404 150 "-" "Mozilla/5.0 (X11; Ubuntu; Linux x86_64; rv:76.0) Gecko/20100101 Firefox/76.0"
::1 - - [30/May/2020:12:17:35 +0000] "GET /api/participants HTTP/1.1" 200 446 "http://localhost:8080/" "Mozilla/5.0 (X11; Ubuntu; Linux x86_64; rv:76.0) Gecko/20100101 Firefox/76.0"
::1 - - [30/May/2020:12:17:47 +0000] "POST /api/participants HTTP/1.1" 200 9 "http://localhost:8080/" "Mozilla/5.0 (X11; Ubuntu; Linux x86_64; rv:76.0) Gecko/20100101 Firefox/76.0"
::1 - - [30/May/2020:12:19:54 +0000] "GET / HTTP/1.1" 200 8951 "-" "Mozilla/5.0 (X11; Ubuntu; Linux x86_64; rv:76.0) Gecko/20100101 Firefox/76.0"
::1 - - [30/May/2020:12:19:54 +0000] "GET /style.css HTTP/1.1" 200 116 "http://localhost:8080/" "Mozilla/5.0 (X11; Ubuntu; Linux x86_64; rv:76.0) Gecko/20100101 Firefox/76.0"
::1 - - [30/May/2020:12:19:54 +0000] "GET /app/init.js HTTP/1.1" 200 869 "http://localhost:8080/" "Mozilla/5.0 (X11; Ubuntu; Linux x86_64; rv:76.0) Gecko/20100101 Firefox/76.0"
::1 - - [30/May/2020:12:19:55 +0000] "GET /api/participants HTTP/1.1" 200 456 "http://localhost:8080/" "Mozilla/5.0 (X11; Ubuntu; Linux x86_64; rv:76.0) Gecko/20100101 Firefox/76.0"
::1 - - [30/May/2020:12:19:58 +0000] "POST /api/participants HTTP/1.1" 200 9 "http://localhost:8080/" "Mozilla/5.0 (X11; Ubuntu; Linux x86_64; rv:76.0) Gecko/20100101 Firefox/76.0"
::1 - - [30/May/2020:12:32:20 +0000] "GET / HTTP/1.1" 304 - "-" "Mozilla/5.0 (X11; Ubuntu; Linux x86_64; rv:76.0) Gecko/20100101 Firefox/76.0"
::1 - - [30/May/2020:12:32:20 +0000] "GET /style.css HTTP/1.1" 304 - "http://localhost:8080/" "Mozilla/5.0 (X11; Ubuntu; Linux x86_64; rv:76.0) Gecko/20100101 Firefox/76.0"
::1 - - [30/May/2020:12:32:20 +0000] "GET /app/init.js HTTP/1.1" 200 869 "http://localhost:8080/" "Mozilla/5.0 (X11; Ubuntu; Linux x86_64; rv:76.0) Gecko/20100101 Firefox/76.0"
::1 - - [30/May/2020:12:32:21 +0000] "GET /api/participants HTTP/1.1" 200 466 "http://localhost:8080/" "Mozilla/5.0 (X11; Ubuntu; Linux x86_64; rv:76.0) Gecko/20100101 Firefox/76.0"
::1 - - [30/May/2020:12:32:23 +0000] "GET / HTTP/1.1" 304 - "-" "Mozilla/5.0 (X11; Ubuntu; Linux x86_64; rv:76.0) Gecko/20100101 Firefox/76.0"
::1 - - [30/May/2020:12:32:23 +0000] "GET /style.css HTTP/1.1" 304 - "http://localhost:8080/" "Mozilla/5.0 (X11; Ubuntu; Linux x86_64; rv:76.0) Gecko/20100101 Firefox/76.0"
::1 - - [30/May/2020:12:32:23 +0000] "GET /app/init.js HTTP/1.1" 304 - "http://localhost:8080/" "Mozilla/5.0 (X11; Ubuntu; Linux x86_64; rv:76.0) Gecko/20100101 Firefox/76.0"
::1 - - [30/May/2020:12:32:23 +0000] "GET /api/participants HTTP/1.1" 304 - "http://localhost:8080/" "Mozilla/5.0 (X11; Ubuntu; Linux x86_64; rv:76.0) Gecko/20100101 Firefox/76.0"
::1 - - [30/May/2020:12:34:07 +0000] "GET / HTTP/1.1" 200 8951 "-" "Mozilla/5.0 (X11; Ubuntu; Linux x86_64; rv:76.0) Gecko/20100101 Firefox/76.0"
::1 - - [30/May/2020:12:34:07 +0000] "GET /style.css HTTP/1.1" 304 - "http://localhost:8080/" "Mozilla/5.0 (X11; Ubuntu; Linux x86_64; rv:76.0) Gecko/20100101 Firefox/76.0"
::1 - - [30/May/2020:12:34:08 +0000] "GET /app/init.js HTTP/1.1" 304 - "http://localhost:8080/" "Mozilla/5.0 (X11; Ubuntu; Linux x86_64; rv:76.0) Gecko/20100101 Firefox/76.0"
::1 - - [30/May/2020:12:34:08 +0000] "GET /api/participants HTTP/1.1" 200 466 "http://localhost:8080/" "Mozilla/5.0 (X11; Ubuntu; Linux x86_64; rv:76.0) Gecko/20100101 Firefox/76.0"
::1 - - [30/May/2020:12:36:38 +0000] "GET / HTTP/1.1" 304 - "-" "Mozilla/5.0 (X11; Ubuntu; Linux x86_64; rv:76.0) Gecko/20100101 Firefox/76.0"
::1 - - [30/May/2020:12:36:38 +0000] "GET /style.css HTTP/1.1" 304 - "http://localhost:8080/" "Mozilla/5.0 (X11; Ubuntu; Linux x86_64; rv:76.0) Gecko/20100101 Firefox/76.0"
::1 - - [30/May/2020:12:36:38 +0000] "GET /app/init.js HTTP/1.1" 304 - "http://localhost:8080/" "Mozilla/5.0 (X11; Ubuntu; Linux x86_64; rv:76.0) Gecko/20100101 Firefox/76.0"
::1 - - [30/May/2020:12:36:39 +0000] "GET /api/participants HTTP/1.1" 200 446 "http://localhost:8080/" "Mozilla/5.0 (X11; Ubuntu; Linux x86_64; rv:76.0) Gecko/20100101 Firefox/76.0"
::1 - - [30/May/2020:12:36:44 +0000] "POST /api/participants HTTP/1.1" 200 9 "http://localhost:8080/" "Mozilla/5.0 (X11; Ubuntu; Linux x86_64; rv:76.0) Gecko/20100101 Firefox/76.0"
::1 - - [30/May/2020:12:43:06 +0000] "GET / HTTP/1.1" 200 8950 "-" "Mozilla/5.0 (X11; Ubuntu; Linux x86_64; rv:76.0) Gecko/20100101 Firefox/76.0"
::1 - - [30/May/2020:12:43:07 +0000] "GET /style.css HTTP/1.1" 304 - "http://localhost:8080/" "Mozilla/5.0 (X11; Ubuntu; Linux x86_64; rv:76.0) Gecko/20100101 Firefox/76.0"
::1 - - [30/May/2020:12:43:07 +0000] "GET /app/init.js HTTP/1.1" 304 - "http://localhost:8080/" "Mozilla/5.0 (X11; Ubuntu; Linux x86_64; rv:76.0) Gecko/20100101 Firefox/76.0"
::1 - - [30/May/2020:12:43:07 +0000] "GET /api/participants HTTP/1.1" 200 456 "http://localhost:8080/" "Mozilla/5.0 (X11; Ubuntu; Linux x86_64; rv:76.0) Gecko/20100101 Firefox/76.0"
::1 - - [30/May/2020:12:43:09 +0000] "GET / HTTP/1.1" 304 - "-" "Mozilla/5.0 (X11; Ubuntu; Linux x86_64; rv:76.0) Gecko/20100101 Firefox/76.0"
::1 - - [30/May/2020:12:43:09 +0000] "GET /style.css HTTP/1.1" 304 - "http://localhost:8080/" "Mozilla/5.0 (X11; Ubuntu; Linux x86_64; rv:76.0) Gecko/20100101 Firefox/76.0"
::1 - - [30/May/2020:12:43:09 +0000] "GET /app/init.js HTTP/1.1" 304 - "http://localhost:8080/" "Mozilla/5.0 (X11; Ubuntu; Linux x86_64; rv:76.0) Gecko/20100101 Firefox/76.0"
::1 - - [30/May/2020:12:43:09 +0000] "GET /api/participants HTTP/1.1" 304 - "http://localhost:8080/" "Mozilla/5.0 (X11; Ubuntu; Linux x86_64; rv:76.0) Gecko/20100101 Firefox/76.0"
::1 - - [30/May/2020:12:43:18 +0000] "POST /api/participants HTTP/1.1" 200 9 "http://localhost:8080/" "Mozilla/5.0 (X11; Ubuntu; Linux x86_64; rv:76.0) Gecko/20100101 Firefox/76.0"
::1 - - [30/May/2020:12:43:27 +0000] "GET / HTTP/1.1" 200 8950 "-" "Mozilla/5.0 (X11; Ubuntu; Linux x86_64; rv:76.0) Gecko/20100101 Firefox/76.0"
::1 - - [30/May/2020:12:43:27 +0000] "GET /style.css HTTP/1.1" 304 - "http://localhost:8080/" "Mozilla/5.0 (X11; Ubuntu; Linux x86_64; rv:76.0) Gecko/20100101 Firefox/76.0"
::1 - - [30/May/2020:12:43:27 +0000] "GET /app/init.js HTTP/1.1" 304 - "http://localhost:8080/" "Mozilla/5.0 (X11; Ubuntu; Linux x86_64; rv:76.0) Gecko/20100101 Firefox/76.0"
::1 - - [30/May/2020:12:43:27 +0000] "GET /api/participants HTTP/1.1" 200 466 "http://localhost:8080/" "Mozilla/5.0 (X11; Ubuntu; Linux x86_64; rv:76.0) Gecko/20100101 Firefox/76.0"
::1 - - [30/May/2020:12:47:26 +0000] "GET / HTTP/1.1" 200 8937 "-" "Mozilla/5.0 (X11; Ubuntu; Linux x86_64; rv:76.0) Gecko/20100101 Firefox/76.0"
::1 - - [30/May/2020:12:47:27 +0000] "GET /style.css HTTP/1.1" 304 - "http://localhost:8080/" "Mozilla/5.0 (X11; Ubuntu; Linux x86_64; rv:76.0) Gecko/20100101 Firefox/76.0"
::1 - - [30/May/2020:12:47:27 +0000] "GET /app/init.js HTTP/1.1" 304 - "http://localhost:8080/" "Mozilla/5.0 (X11; Ubuntu; Linux x86_64; rv:76.0) Gecko/20100101 Firefox/76.0"
::1 - - [30/May/2020:12:47:27 +0000] "GET /api/participants HTTP/1.1" 200 446 "http://localhost:8080/" "Mozilla/5.0 (X11; Ubuntu; Linux x86_64; rv:76.0) Gecko/20100101 Firefox/76.0"
::1 - - [30/May/2020:12:47:35 +0000] "POST /api HTTP/1.1" 404 143 "http://localhost:8080/" "Mozilla/5.0 (X11; Ubuntu; Linux x86_64; rv:76.0) Gecko/20100101 Firefox/76.0"
::1 - - [30/May/2020:12:48:28 +0000] "GET / HTTP/1.1" 200 8947 "-" "Mozilla/5.0 (X11; Ubuntu; Linux x86_64; rv:76.0) Gecko/20100101 Firefox/76.0"
::1 - - [30/May/2020:12:48:28 +0000] "GET /style.css HTTP/1.1" 304 - "http://localhost:8080/" "Mozilla/5.0 (X11; Ubuntu; Linux x86_64; rv:76.0) Gecko/20100101 Firefox/76.0"
::1 - - [30/May/2020:12:48:28 +0000] "GET /app/init.js HTTP/1.1" 304 - "http://localhost:8080/" "Mozilla/5.0 (X11; Ubuntu; Linux x86_64; rv:76.0) Gecko/20100101 Firefox/76.0"
::1 - - [30/May/2020:12:48:28 +0000] "GET /api/participants HTTP/1.1" 304 - "http://localhost:8080/" "Mozilla/5.0 (X11; Ubuntu; Linux x86_64; rv:76.0) Gecko/20100101 Firefox/76.0"
::1 - - [30/May/2020:12:48:31 +0000] "POST /api/routes.js HTTP/1.1" 404 153 "http://localhost:8080/" "Mozilla/5.0 (X11; Ubuntu; Linux x86_64; rv:76.0) Gecko/20100101 Firefox/76.0"
::1 - - [30/May/2020:12:50:50 +0000] "GET / HTTP/1.1" 200 8950 "-" "Mozilla/5.0 (X11; Ubuntu; Linux x86_64; rv:76.0) Gecko/20100101 Firefox/76.0"
::1 - - [30/May/2020:12:50:50 +0000] "GET /style.css HTTP/1.1" 304 - "http://localhost:8080/" "Mozilla/5.0 (X11; Ubuntu; Linux x86_64; rv:76.0) Gecko/20100101 Firefox/76.0"
::1 - - [30/May/2020:12:50:50 +0000] "GET /app/init.js HTTP/1.1" 304 - "http://localhost:8080/" "Mozilla/5.0 (X11; Ubuntu; Linux x86_64; rv:76.0) Gecko/20100101 Firefox/76.0"
::1 - - [30/May/2020:12:50:51 +0000] "GET /api/participants HTTP/1.1" 304 - "http://localhost:8080/" "Mozilla/5.0 (X11; Ubuntu; Linux x86_64; rv:76.0) Gecko/20100101 Firefox/76.0"
::1 - - [30/May/2020:12:50:58 +0000] "POST /api/participants/delete HTTP/1.1" 200 22 "http://localhost:8080/" "Mozilla/5.0 (X11; Ubuntu; Linux x86_64; rv:76.0) Gecko/20100101 Firefox/76.0"
::1 - - [30/May/2020:12:53:07 +0000] "GET / HTTP/1.1" 304 - "-" "Mozilla/5.0 (X11; Ubuntu; Linux x86_64; rv:76.0) Gecko/20100101 Firefox/76.0"
::1 - - [30/May/2020:12:53:07 +0000] "GET /style.css HTTP/1.1" 304 - "http://localhost:8080/" "Mozilla/5.0 (X11; Ubuntu; Linux x86_64; rv:76.0) Gecko/20100101 Firefox/76.0"
::1 - - [30/May/2020:12:53:07 +0000] "GET /app/init.js HTTP/1.1" 304 - "http://localhost:8080/" "Mozilla/5.0 (X11; Ubuntu; Linux x86_64; rv:76.0) Gecko/20100101 Firefox/76.0"
::1 - - [30/May/2020:12:53:07 +0000] "GET /api/participants HTTP/1.1" 304 - "http://localhost:8080/" "Mozilla/5.0 (X11; Ubuntu; Linux x86_64; rv:76.0) Gecko/20100101 Firefox/76.0"
::1 - - [30/May/2020:12:53:14 +0000] "POST /api/participants/delete HTTP/1.1" 200 22 "http://localhost:8080/" "Mozilla/5.0 (X11; Ubuntu; Linux x86_64; rv:76.0) Gecko/20100101 Firefox/76.0"
::1 - - [30/May/2020:12:54:15 +0000] "GET / HTTP/1.1" 200 8950 "-" "Mozilla/5.0 (X11; Ubuntu; Linux x86_64; rv:76.0) Gecko/20100101 Firefox/76.0"
::1 - - [30/May/2020:12:54:15 +0000] "GET /style.css HTTP/1.1" 304 - "http://localhost:8080/" "Mozilla/5.0 (X11; Ubuntu; Linux x86_64; rv:76.0) Gecko/20100101 Firefox/76.0"
::1 - - [30/May/2020:12:54:15 +0000] "GET /app/init.js HTTP/1.1" 304 - "http://localhost:8080/" "Mozilla/5.0 (X11; Ubuntu; Linux x86_64; rv:76.0) Gecko/20100101 Firefox/76.0"
::1 - - [30/May/2020:12:54:15 +0000] "GET /api/participants HTTP/1.1" 200 446 "http://localhost:8080/" "Mozilla/5.0 (X11; Ubuntu; Linux x86_64; rv:76.0) Gecko/20100101 Firefox/76.0"
::1 - - [30/May/2020:12:55:47 +0000] "GET / HTTP/1.1" 200 8946 "-" "Mozilla/5.0 (X11; Ubuntu; Linux x86_64; rv:76.0) Gecko/20100101 Firefox/76.0"
::1 - - [30/May/2020:12:55:47 +0000] "GET /style.css HTTP/1.1" 200 116 "http://localhost:8080/" "Mozilla/5.0 (X11; Ubuntu; Linux x86_64; rv:76.0) Gecko/20100101 Firefox/76.0"
::1 - - [30/May/2020:12:55:47 +0000] "GET /app/init.js HTTP/1.1" 200 869 "http://localhost:8080/" "Mozilla/5.0 (X11; Ubuntu; Linux x86_64; rv:76.0) Gecko/20100101 Firefox/76.0"
::1 - - [30/May/2020:12:55:47 +0000] "GET /api/participants HTTP/1.1" 304 - "http://localhost:8080/" "Mozilla/5.0 (X11; Ubuntu; Linux x86_64; rv:76.0) Gecko/20100101 Firefox/76.0"
::1 - - [30/May/2020:12:55:56 +0000] "POST /api/profiles/delete HTTP/1.1" 404 159 "http://localhost:8080/" "Mozilla/5.0 (X11; Ubuntu; Linux x86_64; rv:76.0) Gecko/20100101 Firefox/76.0"
::1 - - [30/May/2020:12:56:57 +0000] "GET / HTTP/1.1" 200 8950 "-" "Mozilla/5.0 (X11; Ubuntu; Linux x86_64; rv:76.0) Gecko/20100101 Firefox/76.0"
::1 - - [30/May/2020:12:56:57 +0000] "GET /style.css HTTP/1.1" 304 - "http://localhost:8080/" "Mozilla/5.0 (X11; Ubuntu; Linux x86_64; rv:76.0) Gecko/20100101 Firefox/76.0"
::1 - - [30/May/2020:12:56:57 +0000] "GET /app/init.js HTTP/1.1" 304 - "http://localhost:8080/" "Mozilla/5.0 (X11; Ubuntu; Linux x86_64; rv:76.0) Gecko/20100101 Firefox/76.0"
::1 - - [30/May/2020:12:56:57 +0000] "GET /api/participants HTTP/1.1" 304 - "http://localhost:8080/" "Mozilla/5.0 (X11; Ubuntu; Linux x86_64; rv:76.0) Gecko/20100101 Firefox/76.0"
::1 - - [30/May/2020:12:57:04 +0000] "POST /api/participants/delete HTTP/1.1" 200 22 "http://localhost:8080/" "Mozilla/5.0 (X11; Ubuntu; Linux x86_64; rv:76.0) Gecko/20100101 Firefox/76.0"
::1 - - [30/May/2020:12:57:49 +0000] "GET / HTTP/1.1" 200 8950 "-" "Mozilla/5.0 (X11; Ubuntu; Linux x86_64; rv:76.0) Gecko/20100101 Firefox/76.0"
::1 - - [30/May/2020:12:57:49 +0000] "GET /style.css HTTP/1.1" 304 - "http://localhost:8080/" "Mozilla/5.0 (X11; Ubuntu; Linux x86_64; rv:76.0) Gecko/20100101 Firefox/76.0"
::1 - - [30/May/2020:12:57:49 +0000] "GET /app/init.js HTTP/1.1" 304 - "http://localhost:8080/" "Mozilla/5.0 (X11; Ubuntu; Linux x86_64; rv:76.0) Gecko/20100101 Firefox/76.0"
::1 - - [30/May/2020:12:57:49 +0000] "GET /api/participants HTTP/1.1" 304 - "http://localhost:8080/" "Mozilla/5.0 (X11; Ubuntu; Linux x86_64; rv:76.0) Gecko/20100101 Firefox/76.0"
::1 - - [30/May/2020:13:00:46 +0000] "GET / HTTP/1.1" 304 - "-" "Mozilla/5.0 (X11; Ubuntu; Linux x86_64; rv:76.0) Gecko/20100101 Firefox/76.0"
::1 - - [30/May/2020:13:00:46 +0000] "GET /style.css HTTP/1.1" 304 - "http://localhost:8080/" "Mozilla/5.0 (X11; Ubuntu; Linux x86_64; rv:76.0) Gecko/20100101 Firefox/76.0"
::1 - - [30/May/2020:13:00:46 +0000] "GET /app/init.js HTTP/1.1" 304 - "http://localhost:8080/" "Mozilla/5.0 (X11; Ubuntu; Linux x86_64; rv:76.0) Gecko/20100101 Firefox/76.0"
::1 - - [30/May/2020:13:00:46 +0000] "GET /api/participants HTTP/1.1" 304 - "http://localhost:8080/" "Mozilla/5.0 (X11; Ubuntu; Linux x86_64; rv:76.0) Gecko/20100101 Firefox/76.0"
::1 - - [30/May/2020:13:00:53 +0000] "POST /api/participants/delete HTTP/1.1" 200 22 "http://localhost:8080/" "Mozilla/5.0 (X11; Ubuntu; Linux x86_64; rv:76.0) Gecko/20100101 Firefox/76.0"
::1 - - [30/May/2020:13:16:19 +0000] "GET / HTTP/1.1" 304 - "-" "Mozilla/5.0 (X11; Ubuntu; Linux x86_64; rv:76.0) Gecko/20100101 Firefox/76.0"
::1 - - [30/May/2020:13:16:19 +0000] "GET /style.css HTTP/1.1" 304 - "http://localhost:8080/" "Mozilla/5.0 (X11; Ubuntu; Linux x86_64; rv:76.0) Gecko/20100101 Firefox/76.0"
::1 - - [30/May/2020:13:16:19 +0000] "GET /app/init.js HTTP/1.1" 304 - "http://localhost:8080/" "Mozilla/5.0 (X11; Ubuntu; Linux x86_64; rv:76.0) Gecko/20100101 Firefox/76.0"
::1 - - [30/May/2020:13:16:19 +0000] "GET /api/participants HTTP/1.1" 304 - "http://localhost:8080/" "Mozilla/5.0 (X11; Ubuntu; Linux x86_64; rv:76.0) Gecko/20100101 Firefox/76.0"
